C51 COMPILER V9.60.0.0   BMP                                                               05/29/2020 16:57:56 PAGE 1   


C51 COMPILER V9.60.0.0, COMPILATION OF MODULE BMP
OBJECT MODULE PLACED IN .\Objects\bmp.obj
COMPILER INVOKED BY: D:\Eng-Software\Keil_v5\core\C51\BIN\C51.EXE bmp.c LARGE OMF2 OPTIMIZE(8,SPEED) BROWSE MODP2 DEBUG 
                    -PRINT(.\Listings\bmp.lst) TABS(2) OBJECT(.\Objects\bmp.obj)

line level    source

   1          #include "bmp.h"
   2          
   3          unsigned char code PixelBlock4x4[12][4]=
   4          {
   5            {0xf0,0x90,0x90,0xf0},
   6            {0x00,0x00,0x00,0x00},
   7            {0xe0,0x90,0x90,0xe0},//ÓÒ
   8            {0xf0,0x90,0x90,0x60},//ÏÂ
   9            {0x70,0x90,0x90,0x70},//×ó
  10            {0x60,0x90,0x90,0xf0},//ÉÏ
  11            {0x60,0xb0,0xd0,0x60},//food
  12            {0xe0,0xb0,0xb0,0xe0},//ÓÒ,³Ô
  13            {0xf0,0x90,0xf0,0x60},//ÏÂ
  14            {0x70,0xd0,0xd0,0x70},//×ó
  15            {0x60,0xf0,0x90,0xf0},//ÉÏ
  16            {0xf0,0x90,0x90,0xf0},//Ç½
  17          };
  18          
  19          unsigned char code   zhu[]=   //Í¼Æ¬´úÂë
  20          {
  21          0x00,0x00,0x00,0x00,0x00,0x00,0x00,0x00,0x00,0x00,0x00,0x00,0x00,0x00,0x00,0x00,
  22          0x00,0x00,0x00,0x00,0x00,0x00,0x00,0x00,0x00,0x00,0x00,0x00,0x00,0x00,0x00,0x00,
  23          0x00,0x00,0x00,0x00,0x00,0x00,0x00,0x00,0x00,0x00,0x00,0x00,0x00,0x00,0x00,0x00,
  24          0x00,0x00,0x00,0x00,0x00,0x00,0x00,0xD4,0x00,0x00,0x00,0x00,0x00,0x00,0x00,0x00,
  25          0x00,0x00,0x00,0x00,0x00,0x00,0x05,0x01,0x00,0x00,0x00,0x00,0x00,0x00,0x00,0x00,
  26          0x00,0x00,0x00,0x00,0x00,0x00,0x10,0x00,0x80,0x00,0x00,0x00,0x00,0x00,0x00,0x00,
  27          0x00,0x00,0x00,0x00,0x00,0x00,0x20,0x00,0x00,0x00,0x00,0x00,0x00,0x00,0x00,0x00,
  28          0x00,0x00,0x00,0x00,0x00,0x00,0x40,0x00,0x80,0x00,0x00,0x00,0x00,0x00,0x00,0x00,
  29          0x00,0x00,0x00,0x00,0x00,0x20,0x00,0x00,0x00,0x00,0x00,0x00,0x00,0x00,0x00,0x00,
  30          0x00,0x00,0x03,0x50,0x00,0x50,0x80,0x01,0x00,0x00,0x00,0x00,0x00,0x00,0x00,0x00,
  31          0x00,0x00,0x3C,0x04,0x00,0xA0,0x00,0x00,0x00,0x00,0x00,0x00,0x00,0x00,0x00,0x00,
  32          0x00,0x00,0x40,0x01,0x0B,0x15,0x00,0x02,0x00,0x00,0x00,0x00,0x00,0x00,0x00,0x00,
  33          0x00,0x00,0x40,0x00,0x88,0x00,0x00,0x06,0x80,0x00,0x00,0x00,0x00,0x00,0x00,0x00,
  34          0x00,0x01,0x80,0x00,0x60,0x00,0x00,0x05,0x40,0x00,0x00,0x00,0x00,0x00,0x00,0x00,
  35          0x00,0x02,0x00,0x00,0x00,0x00,0x00,0x03,0x90,0x00,0x01,0xB6,0x36,0x00,0x00,0x00,
  36          0x00,0x00,0x00,0x00,0x00,0x00,0x00,0x02,0x40,0x00,0x01,0xFE,0x36,0x00,0x00,0x00,
  37          0x00,0x00,0x80,0x00,0x00,0x00,0x00,0x02,0x20,0x00,0x01,0xB6,0x36,0x00,0x00,0x00,
  38          0x00,0x00,0x40,0x00,0x00,0x00,0x00,0x02,0xA0,0x00,0x03,0x6F,0xFF,0x00,0x00,0x00,
  39          0x00,0x00,0x20,0x00,0x00,0x00,0x00,0x1D,0x00,0x00,0x00,0x00,0x2C,0x00,0x00,0x00,
  40          0x00,0x00,0x00,0x00,0x00,0x00,0x00,0x05,0xC0,0x00,0x00,0x00,0x28,0x00,0x00,0x00,
  41          0x00,0x00,0x10,0x00,0x00,0x00,0x00,0x04,0x00,0x00,0x00,0x00,0x38,0x00,0x00,0x00,
  42          0x00,0x00,0x00,0x00,0x00,0x00,0x00,0x0A,0x80,0x40,0x00,0x00,0x00,0x00,0x00,0x00,
  43          0x00,0x00,0x10,0x80,0x00,0x00,0x1F,0x08,0x47,0xF8,0x00,0x00,0x00,0x00,0x00,0x00,
  44          0x00,0x00,0x01,0x20,0x00,0x00,0x3D,0x13,0x0C,0x0E,0x00,0x00,0x00,0x00,0x00,0x00,
  45          0x00,0x00,0x08,0x10,0x00,0x00,0x27,0xA0,0x18,0x06,0x00,0x00,0x00,0x00,0x00,0x00,
  46          0x00,0x00,0x02,0x10,0x00,0x00,0x3F,0x80,0x38,0xC7,0x00,0x00,0x00,0x00,0x00,0x00,
  47          0x00,0x00,0x04,0x03,0xE0,0x00,0x33,0x90,0x3F,0xC7,0x00,0x00,0x00,0x00,0x00,0x00,
  48          0x00,0x00,0x00,0x03,0xB0,0x00,0x33,0x10,0x7F,0x87,0x00,0x00,0x00,0x00,0x00,0x00,
  49          0x00,0x00,0x08,0x24,0xF0,0x0C,0x0E,0x00,0xFF,0x1F,0x00,0x00,0x00,0x00,0x00,0x00,
  50          0x00,0x00,0x00,0x07,0xF0,0xC2,0x00,0x00,0xFE,0x1F,0x81,0xB3,0xE6,0xD8,0xF0,0x00,
  51          0x00,0x00,0x08,0x46,0x71,0x06,0x00,0x08,0x3F,0x1F,0x01,0xF6,0x67,0xF9,0xB0,0x00,
  52          0x00,0x00,0x00,0x03,0x20,0x98,0x00,0x00,0x3F,0xFF,0x01,0xB6,0xC6,0xD9,0x80,0x00,
  53          0x00,0x00,0x08,0x40,0xC0,0x24,0x00,0x04,0x3F,0x1F,0x03,0x7F,0xFD,0xBE,0xFC,0x00,
  54          0x00,0x00,0x00,0x00,0x00,0x00,0x00,0x02,0x1E,0x1E,0x00,0x00,0x00,0x00,0x00,0x00,
C51 COMPILER V9.60.0.0   BMP                                                               05/29/2020 16:57:56 PAGE 2   

  55          0x00,0x00,0x08,0x00,0x00,0x00,0x00,0x01,0x0E,0x1C,0x00,0x00,0x00,0x00,0x00,0x00,
  56          0x00,0x00,0x08,0x00,0x00,0x00,0x00,0x00,0x87,0xF0,0x00,0x00,0x00,0x00,0x00,0x00,
  57          0x00,0x00,0x00,0x00,0x00,0x00,0x00,0x00,0x00,0x00,0x00,0x00,0x00,0x00,0x00,0x00,
  58          0x00,0x00,0x04,0x00,0x00,0x00,0x00,0x00,0x40,0x00,0x00,0x00,0x00,0x00,0x00,0x00,
  59          0x00,0x00,0x00,0x00,0x00,0x00,0x00,0x00,0x20,0x00,0x00,0x00,0x00,0x00,0x00,0x00,
  60          0x00,0x00,0x02,0x00,0x00,0x00,0x00,0x00,0x00,0x00,0x00,0x00,0x00,0x00,0x00,0x00,
  61          0x00,0x00,0x01,0x00,0x00,0x00,0x00,0x00,0x10,0x00,0x00,0x00,0x00,0x00,0x00,0x00,
  62          0x00,0x00,0x00,0x80,0x00,0x00,0x00,0x00,0x00,0x00,0x00,0xC0,0x00,0x00,0x00,0x00,
  63          0x00,0x00,0x00,0x40,0x00,0x00,0x00,0x02,0x08,0x00,0x00,0xC0,0x00,0x00,0x00,0x00,
  64          0x00,0x00,0x00,0x40,0x00,0x00,0x00,0x00,0x00,0x00,0x00,0x04,0x00,0x00,0x00,0x00,
  65          0x00,0x00,0x00,0x00,0x00,0x00,0x00,0x01,0x88,0x00,0x01,0x8C,0x00,0x00,0x00,0x00,
  66          0x00,0x00,0x00,0x00,0x00,0x00,0x00,0x00,0x20,0x00,0x01,0x8E,0x00,0x00,0x00,0x00,
  67          0x00,0x00,0x00,0x40,0x00,0x00,0x00,0x01,0x00,0x00,0x01,0xB6,0x06,0xDB,0x6C,0x00,
  68          0x00,0x00,0x00,0x00,0x00,0x00,0x00,0x00,0x00,0x00,0x03,0xFF,0x06,0xDB,0x6C,0x00,
  69          0x00,0x00,0x00,0x40,0x00,0x00,0x00,0x01,0x00,0x00,0x00,0x00,0x00,0x00,0x00,0x00,
  70          0x00,0x00,0x00,0x00,0x00,0x00,0x00,0x00,0x00,0x00,0x00,0x00,0x00,0x00,0x00,0x00,
  71          0x00,0x00,0x00,0x20,0x00,0x00,0x00,0x02,0x00,0x00,0x00,0x00,0x00,0x00,0x00,0x00,
  72          0x00,0x00,0x00,0x10,0x00,0x00,0x00,0x04,0x00,0x00,0x00,0x00,0x00,0x00,0x00,0x00,
  73          0x00,0x00,0x00,0x00,0x00,0x00,0x00,0x00,0x00,0x00,0x00,0x00,0x00,0x00,0x00,0x00,
  74          0x00,0x00,0x00,0x08,0x00,0x00,0x00,0x10,0x00,0x00,0x00,0x00,0x00,0x00,0x00,0x00,
  75          0x00,0x00,0x00,0x02,0x00,0x00,0x00,0x20,0x00,0x00,0x00,0x00,0x00,0x00,0x00,0x00,
  76          0x00,0x00,0x00,0x00,0x40,0x00,0x01,0x40,0x00,0x00,0x00,0x00,0x00,0x00,0x00,0x00,
  77          0x00,0x00,0x00,0x00,0x94,0xA4,0x68,0x40,0x00,0x00,0x00,0x00,0x00,0x00,0x00,0x00,
  78          0x00,0x00,0x00,0x00,0x02,0x19,0x00,0x00,0x00,0x00,0x00,0x00,0x00,0x00,0x00,0x00,
  79          0x00,0x00,0x00,0x00,0x42,0x00,0x10,0x80,0x00,0x00,0x00,0x00,0x00,0x00,0x00,0x00,
  80          0x00,0x00,0x00,0x00,0x20,0x00,0x01,0x00,0x00,0x00,0x00,0x00,0x00,0x00,0x00,0x00,
  81          0x00,0x00,0x00,0x00,0x14,0x00,0x0A,0x00,0x00,0x00,0x00,0x00,0x00,0x00,0x00,0x00,
  82          0x00,0x00,0x00,0x00,0x00,0x00,0x00,0x00,0x00,0x00,0x00,0x00,0x00,0x00,0x00,0x00,
  83          0x00,0x00,0x00,0x00,0x00,0x00,0x00,0x00,0x00,0x00,0x00,0x00,0x00,0x00,0x00,0x00,
  84          0x00,0x00,0x00,0x00,0x00,0x00,0x00,0x00,0x00,0x00,0x00,0x00,0x00,0x00,0x00,0x00
  85          };
  86          
  87          const unsigned char code gImage_sias[512] = { /* 0X00,0X01,0X40,0X00,0X40,0X00, */
  88          0X00,0X00,0X00,0X3F,0XFC,0X00,0X00,0X00,0X00,0X00,0X03,0XFF,0XFF,0XC0,0X00,0X00,
  89          0X00,0X00,0X0F,0XFF,0XFF,0XF8,0X00,0X00,0X00,0X00,0X3F,0XFC,0XD7,0XFE,0X00,0X00,
  90          0X00,0X00,0XFE,0X6B,0X56,0XFF,0X00,0X00,0X00,0X03,0XFB,0XEB,0X65,0XFF,0XC0,0X00,
  91          0X00,0X07,0XFD,0XBC,0XEC,0XDF,0XE0,0X00,0X00,0X0F,0XDC,0XBF,0XFF,0X7F,0XF8,0X00,
  92          0X00,0X3F,0X3F,0XFF,0XFF,0X9F,0XFC,0X00,0X00,0X7F,0XCF,0XE0,0X07,0XEF,0X7E,0X00,
  93          0X00,0XFB,0XBF,0X00,0X00,0XFE,0XDF,0X00,0X00,0XF8,0XFC,0X00,0X00,0X1E,0XBF,0X80,
  94          0X01,0XEB,0XF0,0X00,0X00,0X0F,0X6F,0X80,0X03,0XD5,0XC0,0X00,0X00,0X03,0XCB,0XC0,
  95          0X07,0XCB,0X80,0X00,0X00,0X01,0XE7,0XE0,0X07,0XEF,0X07,0XC0,0X01,0XF8,0XED,0XE0,
  96          0X0F,0X7E,0X20,0X08,0X08,0X02,0X73,0XF0,0X0E,0XBC,0X80,0X00,0X20,0X00,0XBE,0XF8,
  97          0X1F,0XDC,0X00,0X01,0X40,0X00,0X5D,0X78,0X1C,0XF8,0X00,0X00,0X00,0X00,0X3F,0XF8,
  98          0X3F,0X30,0X01,0XFC,0X7F,0X80,0X2F,0XBC,0X39,0XF0,0X03,0XFE,0XFF,0XC0,0X2E,0XDC,
  99          0X3E,0X64,0X07,0XFF,0XFF,0XE0,0X26,0XBC,0X79,0XE4,0X0F,0XDF,0XFB,0XF0,0X27,0XFE,
 100          0X7E,0XE4,0X1F,0X8F,0XF1,0XF8,0X23,0X8E,0X7F,0XC4,0X3F,0X0F,0XE0,0XFC,0X23,0XEE,
 101          0X7F,0XC4,0X7F,0X1F,0XF0,0X7E,0X23,0X8E,0X7F,0XC4,0XFE,0X3F,0XF8,0X3F,0X21,0XFF,
 102          0X71,0XC4,0XFC,0X3F,0XFC,0X1F,0XA1,0XEF,0XFB,0X84,0XF8,0X3E,0X7C,0X0F,0XA1,0XD7,
 103          0XF5,0X84,0XF8,0X3E,0X7C,0X1F,0XA1,0XDF,0XFF,0X84,0XFC,0X3F,0XFC,0X3F,0XA1,0XFF,
 104          0XF9,0X84,0XFE,0X1F,0XFC,0X7F,0X21,0X87,0XF5,0X84,0X7F,0X0F,0XF8,0XFE,0X21,0XFF,
 105          0XFC,0X84,0X1F,0X87,0XF1,0XFC,0X21,0XFF,0X7F,0XC4,0X0F,0XCF,0XF9,0XF8,0X21,0X8F,
 106          0X71,0XC4,0X07,0XFF,0XFF,0XF0,0X23,0XFF,0X7E,0XC4,0X03,0XFF,0XFF,0XE0,0X23,0XFE,
 107          0X79,0XC4,0X01,0XFF,0X7F,0XC0,0X23,0X4E,0X7D,0XE4,0X00,0XFE,0X3F,0X80,0X23,0XBE,
 108          0X3B,0XE4,0X00,0X00,0X00,0X00,0X27,0XDE,0X3F,0XF4,0X07,0XE0,0X03,0XF0,0X27,0XFC,
 109          0X3F,0XF4,0X20,0X08,0X08,0X04,0X2F,0XFC,0X1F,0XFC,0X80,0X02,0X20,0X01,0X2F,0XFC,
 110          0XFF,0XF4,0X00,0X01,0X40,0X00,0X2F,0XF9,0XFF,0XE4,0X00,0X00,0X80,0X00,0X27,0XFF,
 111          0XFF,0XE0,0X0F,0X18,0X60,0XF8,0X03,0XFF,0XFF,0XE0,0X19,0X98,0X70,0XC8,0X03,0XFD,
 112          0XCF,0XE0,0X18,0X18,0XF1,0X80,0X03,0XF8,0XCF,0XE0,0X1E,0X18,0XD0,0XF0,0X03,0XFC,
 113          0XFF,0XE0,0X07,0X98,0X98,0X78,0X03,0XFF,0XFF,0XF8,0X19,0X99,0XF9,0X8C,0X07,0XFF,
 114          0X00,0XFE,0X19,0X99,0X8D,0X8C,0X3F,0X80,0X00,0X7F,0XCF,0X9B,0X0C,0XF8,0XFF,0X00,
 115          0X00,0X77,0XF8,0X00,0X00,0X0F,0XFF,0X00,0X00,0X70,0XFF,0XE0,0X03,0XFF,0X2F,0X00,
 116          0X00,0X7F,0XDF,0XFF,0XFF,0XFF,0X6F,0X00,0X00,0X7D,0XCB,0XFF,0XFF,0XFB,0XA7,0X00,
C51 COMPILER V9.60.0.0   BMP                                                               05/29/2020 16:57:56 PAGE 3   

 117          0X00,0X7D,0XDF,0X1D,0XB3,0XD7,0XDE,0X00,0X00,0X1F,0XAF,0X0D,0XB3,0XF3,0XFC,0X00,
 118          0X00,0X0F,0XFF,0XFD,0XB7,0XF7,0XF0,0X00,0X00,0X01,0XFF,0XBC,0X3F,0XFF,0X80,0X00,
 119          0X00,0X00,0X3F,0XFF,0XFF,0XFC,0X00,0X00,0X00,0X00,0X00,0XFF,0XFF,0X80,0X00,0X00,
 120          };
 121          


MODULE INFORMATION:   STATIC OVERLAYABLE
   CODE SIZE        =   ----    ----
   CONSTANT SIZE    =   1584    ----
   XDATA SIZE       =   ----    ----
   PDATA SIZE       =   ----    ----
   DATA SIZE        =   ----    ----
   IDATA SIZE       =   ----    ----
   BIT SIZE         =   ----    ----
   EDATA SIZE       =   ----    ----
   HDATA SIZE       =   ----    ----
   XDATA CONST SIZE =   ----    ----
   FAR CONST SIZE   =   ----    ----
END OF MODULE INFORMATION.


C51 COMPILATION COMPLETE.  0 WARNING(S),  0 ERROR(S)
