C51 COMPILER V9.60.0.0   ZK                                                                05/29/2020 16:57:56 PAGE 1   


C51 COMPILER V9.60.0.0, COMPILATION OF MODULE ZK
OBJECT MODULE PLACED IN .\Objects\zk.obj
COMPILER INVOKED BY: D:\Eng-Software\Keil_v5\core\C51\BIN\C51.EXE zk.c LARGE OMF2 OPTIMIZE(8,SPEED) BROWSE MODP2 DEBUG P
                    -RINT(.\Listings\zk.lst) TABS(2) OBJECT(.\Objects\zk.obj)

line level    source

   1          #include"zk.h"
   2          
   3          //http://www.51hei.com/bbs/dpj-29123-1.html
   4          //===================字体1==========================
   5          /************************************************************************************/
   6            
   7          unsigned char code num16321[11][64]={ 
   8          
   9          {//图片数字0
  10          0x00,0x00,0x0F,0xF0,0x1F,0xF8,0x3F,0xFC,0x7F,0xFE,0x7C,0x3E,0x78,0x1E,0x78,0x1E,
  11          0x78,0x1E,0x78,0x1E,0x78,0x3E,0x78,0x3E,0x78,0x5E,0x78,0x5E,0x78,0x9E,0x78,0x9E,
  12          0x79,0x1E,0x79,0x1E,0x7A,0x1E,0x7A,0x1E,0x7C,0x1E,0x7C,0x1E,0x78,0x1E,0x78,0x1E,
  13          0x78,0x1E,0x78,0x1E,0x7C,0x3E,0x7F,0xFE,0x3F,0xFC,0x1F,0xF8,0x0F,0xF0,0x00,0x00,},
  14          
  15          {//图片数字1
  16          0x00,0x00,0x00,0x38,0x00,0x78,0x00,0xF8,0x01,0xF8,0x01,0xF8,0x00,0x78,0x00,0x78,
  17          0x00,0x78,0x00,0x78,0x00,0x78,0x00,0x78,0x00,0x78,0x00,0x78,0x00,0x78,0x00,0x78,
  18          0x00,0x78,0x00,0x78,0x00,0x78,0x00,0x78,0x00,0x78,0x00,0x78,0x00,0x78,0x00,0x78,
  19          0x00,0x78,0x00,0x78,0x00,0x78,0x00,0x78,0x00,0x78,0x00,0x78,0x00,0x78,0x00,0x00},
  20          
  21          {//图片数字2
  22          0x00,0x00,0x0F,0xF0,0x1F,0xF8,0x3F,0xFC,0x7F,0xFE,0x7C,0x3E,0x78,0x1E,0x78,0x1E,
  23          0x78,0x1E,0x78,0x1E,0x78,0x1E,0x78,0x1E,0x78,0x3E,0x00,0x7E,0x00,0xFC,0x01,0xF8,
  24          0x03,0xF0,0x07,0xE0,0x0F,0xC0,0x1F,0x80,0x3F,0x00,0x7E,0x00,0x7C,0x00,0x78,0x00,
  25          0x78,0x00,0x78,0x00,0x78,0x1E,0x7F,0xFE,0x7F,0xFE,0x7F,0xFE,0x7F,0xFE,0x00,0x00},
  26          
  27          {//图片数字3
  28          0x00,0x00,0x0F,0xF0,0x1F,0xF8,0x3F,0xFC,0x7F,0xFE,0x7C,0x3E,0x78,0x1E,0x78,0x1E,
  29          0x78,0x1E,0x78,0x1E,0x78,0x1E,0x00,0x1E,0x00,0x1E,0x00,0x3E,0x0F,0xFC,0x0F,0xF8,
  30          0x0F,0xF8,0x0F,0xFC,0x00,0x3E,0x00,0x1E,0x00,0x1E,0x78,0x1E,0x78,0x1E,0x78,0x1E,
  31          0x78,0x1E,0x78,0x1E,0x7C,0x3E,0x7F,0xFE,0x3F,0xFC,0x1F,0xF8,0x0F,0xF0,0x00,0x00},
  32          
  33          {//图片数字4
  34          0x00,0x00,0x00,0x1C,0x00,0x3C,0x00,0x7C,0x00,0x7C,0x00,0xFC,0x01,0xFC,0x01,0xFC,
  35          0x03,0xFC,0x07,0xBC,0x07,0xBC,0x0F,0x3C,0x0F,0x3C,0x1E,0x3C,0x1E,0x3C,0x3C,0x3C,
  36          0x3C,0x3C,0x78,0x3C,0x78,0x3C,0x78,0x3C,0x7F,0xFE,0x7F,0xFE,0x7F,0xFE,0x7F,0xFE,
  37          0x00,0x3C,0x00,0x3C,0x00,0x3C,0x00,0x3C,0x00,0x3C,0x00,0x3C,0x00,0x3C,0x00,0x00},
  38          //图片数字5
  39          0x00,0x00,0x7F,0xFE,0x7F,0xFE,0x7F,0xFE,0x7F,0xFE,0x78,0x00,0x78,0x00,0x78,0x00,
  40          0x78,0x00,0x78,0x00,0x7B,0xF0,0x7F,0xF8,0x7F,0xFC,0x7F,0xFE,0x7E,0x3E,0x7C,0x1E,
  41          0x7C,0x1E,0x00,0x1E,0x00,0x1E,0x00,0x1E,0x78,0x1E,0x78,0x1E,0x78,0x1E,0x78,0x1E,
  42          0x78,0x1E,0x78,0x1E,0x7C,0x3E,0x7F,0xFE,0x3F,0xFC,0x1F,0xF8,0x0F,0xF0,0x00,0x00,
  43          
  44          {//图片数字6
  45          0x00,0x00,0x0F,0xF0,0x1F,0xF8,0x3F,0xFC,0x7F,0xFE,0x7C,0x3E,0x78,0x1E,0x78,0x1E,
  46          0x78,0x1E,0x78,0x00,0x78,0x00,0x78,0x00,0x7B,0xF0,0x7F,0xF8,0x7F,0xFC,0x7F,0xFE,
  47          0x7C,0x3E,0x78,0x1E,0x78,0x1E,0x78,0x1E,0x78,0x1E,0x78,0x1E,0x78,0x1E,0x78,0x1E,
  48          0x78,0x1E,0x78,0x1E,0x7C,0x3E,0x7F,0xFE,0x3F,0xFC,0x1F,0xF8,0x0F,0xF0,0x00,0x00},
  49          
  50          {//图片数字7
  51          0x00,0x00,0x7F,0xFE,0x7F,0xFE,0x7F,0xFE,0x7F,0xFE,0x78,0x1E,0x00,0x1E,0x00,0x3C,
  52          0x00,0x3C,0x00,0x78,0x00,0x78,0x00,0xF0,0x00,0xF0,0x01,0xE0,0x01,0xE0,0x03,0xC0,
  53          0x03,0xC0,0x07,0x80,0x07,0x80,0x07,0x80,0x07,0x80,0x07,0x80,0x07,0x80,0x07,0x80,
  54          0x07,0x80,0x07,0x80,0x07,0x80,0x07,0x80,0x07,0x80,0x07,0x80,0x07,0x80,0x00,0x00},
C51 COMPILER V9.60.0.0   ZK                                                                05/29/2020 16:57:56 PAGE 2   

  55          
  56          {//图片数字8
  57          0x00,0x00,0x0F,0xF0,0x1F,0xF8,0x3F,0xFC,0x7F,0xFE,0x7C,0x3E,0x78,0x1E,0x78,0x1E,
  58          0x78,0x1E,0x78,0x1E,0x78,0x1E,0x78,0x1E,0x7C,0x3E,0x3F,0xFC,0x1F,0xF8,0x1F,0xF8,
  59          0x3F,0xFC,0x7C,0x3E,0x78,0x1E,0x78,0x1E,0x78,0x1E,0x78,0x1E,0x78,0x1E,0x78,0x1E,
  60          0x78,0x1E,0x78,0x1E,0x7C,0x3E,0x7F,0xFE,0x3F,0xFC,0x1F,0xF8,0x0F,0xF0,0x00,0x00},
  61          
  62          {//图片数字9
  63          0x00,0x00,0x0F,0xF0,0x1F,0xF8,0x3F,0xFC,0x7F,0xFE,0x7C,0x3E,0x78,0x1E,0x78,0x1E,
  64          0x78,0x1E,0x78,0x1E,0x78,0x1E,0x78,0x1E,0x78,0x1E,0x78,0x1E,0x78,0x1E,0x7C,0x3E,
  65          0x7F,0xFE,0x3F,0xFE,0x1F,0xFE,0x0F,0xDE,0x00,0x1E,0x00,0x1E,0x00,0x1E,0x78,0x1E,
  66          0x78,0x1E,0x78,0x1E,0x7C,0x3E,0x7F,0xFE,0x3F,0xFC,0x1F,0xF8,0x0F,0xF0,0x00,0x00},
  67            
  68          // 图片":"  10  //点可以选择其中之一
  69          //6X6方点
  70          //{0x00,0x00,0x00,0x00,0x00,0x00,0x00,0x00,0x00,0x00,0x00,0x00,0x07,0xE0,0x07,0xE0,
  71          //0x07,0xE0,0x07,0xE0,0x07,0xE0,0x07,0xE0,0x00,0x00,0x00,0x00,0x00,0x00,0x00,0x00,
  72          //0x00,0x00,0x00,0x00,0x00,0x00,0x00,0x00,0x07,0xE0,0x07,0xE0,0x07,0xE0,0x07,0xE0,
  73          //0x07,0xE0,0x07,0xE0,0x00,0x00,0x00,0x00,0x00,0x00,0x00,0x00,0x00,0x00,0x00,0x00},
  74          
  75          //双心
  76          //{0x00,0x00,0x00,0x00,0x00,0x00,0x00,0x00,0x06,0xC0,0x0F,0xE0,0x1F,0xF0,0x1F,0xF0,
  77          //0x0F,0xE0,0x07,0xC0,0x03,0x80,0x01,0x00,0x00,0x00,0x00,0x00,0x00,0x00,0x00,0x00,
  78          //0x00,0x00,0x00,0x00,0x00,0x00,0x00,0x00,0x06,0xC0,0x0F,0xE0,0x1F,0xF0,0x1F,0xF0,
  79          //0x0F,0xE0,0x07,0xC0,0x03,0x80,0x01,0x00,0x00,0x00,0x00,0x00,0x00,0x00,0x00,0x00}
  80          
  81          //8x8圆点
  82          {0x00,0x00,0x00,0x00,0x00,0x00,0x00,0x00,0x03,0xC0,0x07,0xE0,0x0F,0xF0,0x0F,0xF0,
  83          0x0F,0xF0,0x0F,0xF0,0x07,0xE0,0x03,0xC0,0x00,0x00,0x00,0x00,0x00,0x00,0x00,0x00,
  84          0x00,0x00,0x00,0x00,0x00,0x00,0x00,0x00,0x03,0xC0,0x07,0xE0,0x0F,0xF0,0x0F,0xF0,
  85          0x0F,0xF0,0x0F,0xF0,0x07,0xE0,0x03,0xC0,0x00,0x00,0x00,0x00,0x00,0x00,0x00,0x00}
  86          
  87          //笑脸
  88          //{0x00,0x00,0x00,0x00,0x00,0x00,0x00,0x00,0x00,0x00,0x03,0xC0,0x07,0xE0,0x0F,0xF0,
  89          // 0x09,0x90,0x0F,0xF0,0x0F,0xF0,0x0D,0xB0,0x06,0x60,0x03,0xC0,0x00,0x00,0x00,0x00,
  90          // 0x00,0x00,0x00,0x00,0x00,0x00,0x03,0xC0,0x07,0xE0,0x0F,0xF0,0x09,0x90,0x0F,0xF0,
  91          // 0x0F,0xF0,0x0D,0xB0,0x06,0x60,0x03,0xC0,0x00,0x00,0x00,0x00,0x00,0x00,0x00,0x00}
  92          };
  93          
  94          
  95          /************************************************************************************/
  96          //===================字体2==========================
  97          /************************************************************************************/
  98          
  99          unsigned char code num16322[11][64]={ 
 100          {// 图片数字0
 101          0x00,0x00,0x3F,0xFC,0x5F,0xFA,0x6F,0xF6,0x70,0x0E,0x70,0x0E,0x70,0x0E,0x70,0x0E,
 102          0x70,0x0E,0x70,0x0E,0x70,0x0E,0x70,0x0E,0x70,0x0E,0x60,0x06,0x40,0x02,0x00,0x00,
 103          0x40,0x02,0x60,0x06,0x70,0x0E,0x70,0x0E,0x70,0x0E,0x70,0x0E,0x70,0x0E,0x70,0x0E,
 104          0x70,0x0E,0x70,0x0E,0x70,0x0E,0x6F,0xF6,0x5F,0xFA,0x3F,0xFC,0x00,0x00,0x00,0x00}, 
 105          {// 图片数字1
 106          0x00,0x00,0x00,0x20,0x00,0x60,0x00,0xE0,0x00,0xE0,0x00,0xE0,0x00,0xE0,0x00,0xE0,
 107          0x00,0xE0,0x00,0xE0,0x00,0xE0,0x00,0xE0,0x00,0x60,0x00,0x20,0x00,0x00,0x00,0x20,
 108          0x00,0x60,0x00,0xE0,0x00,0xE0,0x00,0xE0,0x00,0xE0,0x00,0xE0,0x00,0xE0,0x00,0xE0,
 109          0x00,0xE0,0x00,0xE0,0x00,0xE0,0x00,0x60,0x00,0x20,0x00,0x00,0x00,0x00,0x00,0x00},
 110          {// 图片数字2
 111          0x00,0x00,0x3F,0xFC,0x1F,0xFA,0x0F,0xF6,0x00,0x0E,0x00,0x0E,0x00,0x0E,0x00,0x0E,
 112          0x00,0x0E,0x00,0x0E,0x00,0x0E,0x00,0x0E,0x00,0x0E,0x00,0x06,0x1F,0xFA,0x3F,0xFC,
 113          0x5F,0xF8,0x60,0x00,0x70,0x00,0x70,0x00,0x70,0x00,0x70,0x00,0x70,0x00,0x70,0x00,
 114          0x70,0x00,0x70,0x00,0x70,0x00,0x6F,0xF8,0x5F,0xFC,0x3F,0xFE,0x00,0x00,0x00,0x00}, 
 115          {// 图片数字3
 116          0x00,0x00,0x3F,0xFC,0x1F,0xFA,0x0F,0xF6,0x00,0x0E,0x00,0x0E,0x00,0x0E,0x00,0x0E,
C51 COMPILER V9.60.0.0   ZK                                                                05/29/2020 16:57:56 PAGE 3   

 117          0x00,0x0E,0x00,0x0E,0x00,0x0E,0x00,0x0E,0x00,0x0E,0x00,0x06,0x1F,0xFA,0x3F,0xFC,
 118          0x1F,0xFA,0x00,0x06,0x00,0x0E,0x00,0x0E,0x00,0x0E,0x00,0x0E,0x00,0x0E,0x00,0x0E,
 119          0x00,0x0E,0x00,0x0E,0x00,0x0E,0x0F,0xF6,0x1F,0xFA,0x3F,0xFC,0x00,0x00,0x00,0x00}, 
 120          {// 图片数字4
 121          0x00,0x00,0x40,0x02,0x60,0x06,0x70,0x0E,0x70,0x0E,0x70,0x0E,0x70,0x0E,0x70,0x0E,
 122          0x70,0x0E,0x70,0x0E,0x70,0x0E,0x70,0x0E,0x70,0x0E,0x60,0x06,0x5F,0xFA,0x3F,0xFC,
 123          0x1F,0xFA,0x00,0x06,0x00,0x0E,0x00,0x0E,0x00,0x0E,0x00,0x0E,0x00,0x0E,0x00,0x0E,
 124          0x00,0x0E,0x00,0x0E,0x00,0x0E,0x00,0x0E,0x00,0x06,0x00,0x02,0x00,0x00,0x00,0x00}, 
 125          {// 图片数字5
 126          0x00,0x00,0x3F,0xFC,0x5F,0xF8,0x6F,0xF0,0x70,0x00,0x70,0x00,0x70,0x00,0x70,0x00,
 127          0x70,0x00,0x70,0x00,0x70,0x00,0x70,0x00,0x70,0x00,0x60,0x00,0x5F,0xF8,0x3F,0xFC,
 128          0x1F,0xFA,0x00,0x06,0x00,0x0E,0x00,0x0E,0x00,0x0E,0x00,0x0E,0x00,0x0E,0x00,0x0E,
 129          0x00,0x0E,0x00,0x0E,0x00,0x0E,0x0F,0xF6,0x1F,0xFA,0x3F,0xFC,0x00,0x00,0x00,0x00}, 
 130          {// 图片数字6
 131          0x00,0x00,0x3F,0xFC,0x5F,0xF8,0x6F,0xF0,0x70,0x00,0x70,0x00,0x70,0x00,0x70,0x00,
 132          0x70,0x00,0x70,0x00,0x70,0x00,0x70,0x00,0x70,0x00,0x60,0x00,0x5F,0xF8,0x3F,0xFC,
 133          0x5F,0xFA,0x60,0x06,0x70,0x0E,0x70,0x0E,0x70,0x0E,0x70,0x0E,0x70,0x0E,0x70,0x0E,
 134          0x70,0x0E,0x70,0x0E,0x70,0x0E,0x6F,0xF6,0x5F,0xFA,0x3F,0xFC,0x00,0x00,0x00,0x00}, 
 135          {// 图片数字7
 136          0x00,0x00,0x3F,0xFC,0x1F,0xFA,0x0F,0xF6,0x00,0x0E,0x00,0x0E,0x00,0x0E,0x00,0x0E,
 137          0x00,0x0E,0x00,0x0E,0x00,0x0E,0x00,0x0E,0x00,0x0E,0x00,0x06,0x00,0x02,0x00,0x00,
 138          0x00,0x02,0x00,0x06,0x00,0x0E,0x00,0x0E,0x00,0x0E,0x00,0x0E,0x00,0x0E,0x00,0x0E,
 139          0x00,0x0E,0x00,0x0E,0x00,0x0E,0x00,0x06,0x00,0x02,0x00,0x00,0x00,0x00,0x00,0x00},
 140          {// 图片数字8
 141          0x00,0x00,0x3F,0xFC,0x5F,0xFA,0x6F,0xF6,0x70,0x0E,0x70,0x0E,0x70,0x0E,0x70,0x0E,
 142          0x70,0x0E,0x70,0x0E,0x70,0x0E,0x70,0x0E,0x70,0x0E,0x60,0x06,0x5F,0xFA,0x3F,0xFC,
 143          0x5F,0xFA,0x60,0x06,0x70,0x0E,0x70,0x0E,0x70,0x0E,0x70,0x0E,0x70,0x0E,0x70,0x0E,
 144          0x70,0x0E,0x70,0x0E,0x70,0x0E,0x6F,0xF6,0x5F,0xFA,0x3F,0xFC,0x00,0x00,0x00,0x00}, 
 145          {// 图片数字9
 146          0x00,0x00,0x3F,0xFC,0x5F,0xFA,0x6F,0xF6,0x70,0x0E,0x70,0x0E,0x70,0x0E,0x70,0x0E,
 147          0x70,0x0E,0x70,0x0E,0x70,0x0E,0x70,0x0E,0x70,0x0E,0x60,0x06,0x5F,0xFA,0x3F,0xFC,
 148          0x1F,0xFA,0x00,0x06,0x00,0x0E,0x00,0x0E,0x00,0x0E,0x00,0x0E,0x00,0x0E,0x00,0x0E,
 149          0x00,0x0E,0x00,0x0E,0x00,0x0E,0x1F,0xF6,0x3F,0xFA,0x7F,0xFC,0x00,0x00,0x00,0x00}, 
 150          {// 图片":" 10
 151          //6X6方点
 152          //0x00,0x00,0x00,0x00,0x00,0x00,0x00,0x00,0x00,0x00,0x00,0x00,0x07,0xE0,0x07,0xE0,
 153          //0x07,0xE0,0x07,0xE0,0x07,0xE0,0x07,0xE0,0x00,0x00,0x00,0x00,0x00,0x00,0x00,0x00,
 154          //0x00,0x00,0x00,0x00,0x00,0x00,0x00,0x00,0x07,0xE0,0x07,0xE0,0x07,0xE0,0x07,0xE0,
 155          //0x07,0xE0,0x07,0xE0,0x00,0x00,0x00,0x00,0x00,0x00,0x00,0x00,0x00,0x00,0x00,0x00
 156          
 157          //8x8圆点
 158          //0x00,0x00,0x00,0x00,0x00,0x00,0x00,0x00,0x03,0xC0,0x07,0xE0,0x0F,0xF0,0x0F,0xF0,
 159          //0x0F,0xF0,0x0F,0xF0,0x07,0xE0,0x03,0xC0,0x00,0x00,0x00,0x00,0x00,0x00,0x00,0x00,
 160          //0x00,0x00,0x00,0x00,0x00,0x00,0x00,0x00,0x03,0xC0,0x07,0xE0,0x0F,0xF0,0x0F,0xF0,
 161          //0x0F,0xF0,0x0F,0xF0,0x07,0xE0,0x03,0xC0,0x00,0x00,0x00,0x00,0x00,0x00,0x00,0x00
 162          
 163          //双心//
 164          0x00,0x00,0x00,0x00,0x00,0x00,0x00,0x00,0x06,0xC0,0x0F,0xE0,0x1F,0xF0,0x1F,0xF0,
 165          0x0F,0xE0,0x07,0xC0,0x03,0x80,0x01,0x00,0x00,0x00,0x00,0x00,0x00,0x00,0x00,0x00,
 166          0x00,0x00,0x00,0x00,0x00,0x00,0x00,0x00,0x06,0xC0,0x0F,0xE0,0x1F,0xF0,0x1F,0xF0,
 167          0x0F,0xE0,0x07,0xC0,0x03,0x80,0x01,0x00,0x00,0x00,0x00,0x00,0x00,0x00,0x00,0x00}
 168          };
 169          
 170          /************************************************************************************/
 171          
 172          /************************************************************************************/
 173          
 174          /************************************************************************************/
 175          //===================字体3==========================
 176          /************************************************************************************/
 177          
 178          unsigned char code num16323[11][64]={
C51 COMPILER V9.60.0.0   ZK                                                                05/29/2020 16:57:56 PAGE 4   

 179          //"0",0
 180          {0x00,0x00,0x00,0x00,0x00,0x00,0x00,0x00,0x00,0x00,0x00,0x00,0x00,0x00,0x07,0xE0,
 181          0x1E,0x78,0x3E,0x7C,0x7C,0x7E,0xFC,0x7E,0xFC,0x7F,0xFC,0x7F,0xFC,0x7F,0xFC,0x7F,
 182          0xFC,0x7F,0xFC,0x7F,0xFC,0x7F,0xFC,0x7F,0xFC,0x7F,0xFC,0x7E,0x7E,0x7E,0x3E,0x7C,
 183          0x1E,0x78,0x0F,0xE0,0x00,0x00,0x00,0x00,0x00,0x00,0x00,0x00,0x00,0x00,0x00,0x00},
 184          //*"1",1*
 185          {0x00,0x00,0x00,0x00,0x00,0x00,0x00,0x00,0x00,0x00,0x00,0x00,0x00,0x00,0x00,0x60,
 186          0x03,0xE0,0x1F,0xE0,0x3F,0xE0,0x03,0xE0,0x03,0xE0,0x03,0xE0,0x03,0xE0,0x03,0xE0,
 187          0x03,0xE0,0x03,0xE0,0x03,0xE0,0x03,0xE0,0x03,0xE0,0x03,0xE0,0x03,0xE0,0x03,0xE0,
 188          0x07,0xF0,0x3F,0xFE,0x00,0x00,0x00,0x00,0x00,0x00,0x00,0x00,0x00,0x00,0x00,0x00},
 189          //*"2",2*
 190          {0x00,0x00,0x00,0x00,0x00,0x00,0x00,0x00,0x00,0x00,0x00,0x00,0x00,0x00,0x0F,0xC0,
 191          0x3F,0xF0,0x7F,0xF8,0xC1,0xFC,0x80,0xFC,0x00,0x7C,0x00,0x7C,0x00,0x78,0x00,0x70,
 192          0x00,0xF0,0x01,0xE0,0x01,0x80,0x03,0x00,0x06,0x02,0x0C,0x06,0x1F,0xFC,0x7F,0xFC,
 193          0xFF,0xFC,0xFF,0xFC,0x00,0x00,0x00,0x00,0x00,0x00,0x00,0x00,0x00,0x00,0x00,0x00},
 194          //*"3",3*
 195          {0x00,0x00,0x00,0x00,0x00,0x00,0x00,0x00,0x00,0x00,0x00,0x00,0x00,0x00,0x07,0xE0,
 196          0x1F,0xF8,0x60,0xFC,0xC0,0x7C,0x00,0x7C,0x00,0x78,0x00,0xE0,0x03,0xE0,0x0F,0xF8,
 197          0x03,0xFC,0x00,0xFE,0x00,0x7E,0x00,0x3E,0x00,0x3E,0x00,0x3C,0xE0,0x3C,0xF8,0x78,
 198          0xFF,0xE0,0x7F,0x80,0x00,0x00,0x00,0x00,0x00,0x00,0x00,0x00,0x00,0x00,0x00,0x00},
 199          //*"4",4*
 200          {0x00,0x00,0x00,0x00,0x00,0x00,0x00,0x00,0x00,0x00,0x00,0x00,0x00,0x00,0x00,0x38,
 201          0x00,0x78,0x00,0x78,0x00,0xF8,0x01,0xF8,0x02,0xF8,0x04,0xF8,0x08,0xF8,0x10,0xF8,
 202          0x20,0xF8,0x40,0xF8,0x80,0xF8,0xFF,0xFE,0xFF,0xFE,0xFF,0xFE,0x00,0xF8,0x00,0xF8,
 203          0x00,0xF8,0x00,0xF8,0x00,0x00,0x00,0x00,0x00,0x00,0x00,0x00,0x00,0x00,0x00,0x00},
 204          //*"5",5*
 205          {0x00,0x00,0x00,0x00,0x00,0x00,0x00,0x00,0x00,0x00,0x00,0x00,0x00,0x00,0x0F,0xFE,
 206          0x1F,0xFC,0x1F,0xFC,0x1F,0xF8,0x20,0x00,0x20,0x00,0x7E,0x00,0x7F,0xE0,0x7F,0xF8,
 207          0xFF,0xFC,0x01,0xFC,0x00,0x3E,0x00,0x0E,0x00,0x06,0x00,0x06,0x70,0x06,0xFC,0x04,
 208          0xFE,0x18,0x3F,0xE0,0x00,0x00,0x00,0x00,0x00,0x00,0x00,0x00,0x00,0x00,0x00,0x00},
 209          //*"6",6*
 210          {0x00,0x00,0x00,0x00,0x00,0x00,0x00,0x00,0x00,0x00,0x00,0x00,0x00,0x00,0x00,0x1E,
 211          0x00,0xF8,0x03,0xC0,0x0F,0x00,0x1E,0x00,0x3C,0x00,0x3C,0x00,0x7F,0xF0,0x78,0xF8,
 212          0xF8,0x7C,0xF8,0x3E,0xF8,0x3E,0xF8,0x3E,0xF8,0x3E,0xF8,0x3E,0x7C,0x3C,0x3C,0x3C,
 213          0x1E,0x78,0x07,0xE0,0x00,0x00,0x00,0x00,0x00,0x00,0x00,0x00,0x00,0x00,0x00,0x00},
 214          //*"7",7*
 215          {0x00,0x00,0x00,0x00,0x00,0x00,0x00,0x00,0x00,0x00,0x00,0x00,0x00,0x00,0x3F,0xFE,
 216          0x7F,0xFE,0x7F,0xFC,0x7F,0xFC,0xC0,0x18,0x80,0x18,0x00,0x18,0x00,0x30,0x00,0x30,
 217          0x00,0x60,0x00,0x60,0x00,0xC0,0x00,0xC0,0x00,0x80,0x01,0x80,0x01,0x80,0x03,0x00,
 218          0x03,0x00,0x06,0x00,0x00,0x00,0x00,0x00,0x00,0x00,0x00,0x00,0x00,0x00,0x00,0x00},
 219          //*"8",8*
 220          {0x00,0x00,0x00,0x00,0x00,0x00,0x00,0x00,0x00,0x00,0x00,0x00,0x00,0x00,0x0F,0xF0,
 221          0x3C,0x38,0x78,0x1C,0xF8,0x1E,0xF8,0x1E,0xFC,0x1E,0xFE,0x3C,0x7F,0xF8,0x3F,0xE0,
 222          0x0F,0xF8,0x1F,0xFC,0x78,0xFC,0x70,0x7E,0xF0,0x7E,0xF0,0x3E,0xF0,0x3E,0x70,0x3C,
 223          0x38,0x78,0x0F,0xE0,0x00,0x00,0x00,0x00,0x00,0x00,0x00,0x00,0x00,0x00,0x00,0x00},
 224          //*"9",9*
 225          {0x00,0x00,0x00,0x00,0x00,0x00,0x00,0x00,0x00,0x00,0x00,0x00,0x00,0x00,0x0F,0xC0,
 226          0x3C,0xF0,0x78,0x78,0x78,0x7C,0xF8,0x3C,0xF8,0x3E,0xF8,0x3E,0xF8,0x3E,0xF8,0x3E,
 227          0x7C,0x3E,0x3E,0x3E,0x1F,0xFC,0x00,0x7C,0x00,0x78,0x00,0xF0,0x01,0xE0,0x07,0xC0,
 228          0x3F,0x00,0xF0,0x00,0x00,0x00,0x00,0x00,0x00,0x00,0x00,0x00,0x00,0x00,0x00,0x00},
 229          
 230          //笑脸
 231          {0x00,0x00,0x00,0x00,0x00,0x00,0x00,0x00,0x00,0x00,0x03,0xC0,0x07,0xE0,0x0F,0xF0,
 232           0x09,0x90,0x0F,0xF0,0x0F,0xF0,0x0D,0xB0,0x06,0x60,0x03,0xC0,0x00,0x00,0x00,0x00,
 233           0x00,0x00,0x00,0x00,0x00,0x00,0x03,0xC0,0x07,0xE0,0x0F,0xF0,0x09,0x90,0x0F,0xF0,
 234           0x0F,0xF0,0x0D,0xB0,0x06,0x60,0x03,0xC0,0x00,0x00,0x00,0x00,0x00,0x00,0x00,0x00}
 235          };
 236          
 237          
 238          /************************************************************************************/
 239          //===================字体4===============(与字体2一样,不过加粗了点)
 240          /************************************************************************************/
C51 COMPILER V9.60.0.0   ZK                                                                05/29/2020 16:57:56 PAGE 5   

 241          
 242          unsigned char code num16324[11][64]={
 243          //---0---
 244          {0x00,0x00,0x7F,0xFC,0xBF,0xFA,0xDF,0xF6,0xEF,0xEE,0xF0,0x1E,0xF0,0x1E,0xF0,0x1E,
 245           0xF0,0x1E,0xF0,0x1E,0xF0,0x1E,0xF0,0x1E,0xF0,0x1E,0xE0,0x0E,0xC0,0x06,0x80,0x02,
 246           0x00,0x00,0x80,0x02,0xC0,0x06,0xE0,0x0E,0xF0,0x1E,0xF0,0x1E,0xF0,0x1E,0xF0,0x1E,
 247           0xF0,0x1E,0xF0,0x1E,0xF0,0x1E,0xEF,0xEE,0xDF,0xF6,0xBF,0xFA,0x7F,0xFC,0x00,0x00},
 248          //---1---
 249          {0x00,0x00,0x00,0x00,0x00,0x02,0x00,0x06,0x00,0x0E,0x00,0x1E,0x00,0x1E,0x00,0x1E,
 250           0x00,0x1E,0x00,0x1E,0x00,0x1E,0x00,0x1E,0x00,0x1E,0x00,0x0E,0x00,0x06,0x00,0x02,
 251           0x00,0x00,0x00,0x02,0x00,0x06,0x00,0x0E,0x00,0x1E,0x00,0x1E,0x00,0x1E,0x00,0x1E,
 252           0x00,0x1E,0x00,0x1E,0x00,0x1E,0x00,0x0E,0x00,0x06,0x00,0x02,0x00,0x00,0x00,0x00},
 253          //---2---
 254          {0x00,0x00,0x7F,0xFC,0x3F,0xFA,0x1F,0xF6,0x0F,0xEE,0x00,0x1E,0x00,0x1E,0x00,0x1E,
 255           0x00,0x1E,0x00,0x1E,0x00,0x1E,0x00,0x1E,0x00,0x1E,0x00,0x0E,0x1F,0xF6,0x3F,0xFA,
 256           0x7F,0xFC,0xBF,0xF8,0xDF,0xF0,0xE0,0x00,0xF0,0x00,0xF0,0x00,0xF0,0x00,0xF0,0x00,
 257           0xF0,0x00,0xF0,0x00,0xF0,0x00,0xEF,0xE0,0xDF,0xF0,0xBF,0xF8,0x7F,0xFC,0x00,0x00},
 258          //---3---
 259          {0x00,0x00,0x7F,0xFC,0x3F,0xFA,0x1F,0xF6,0x0F,0xEE,0x00,0x1E,0x00,0x1E,0x00,0x1E,
 260           0x00,0x1E,0x00,0x1E,0x00,0x1E,0x00,0x1E,0x00,0x1E,0x00,0x0E,0x1F,0xF6,0x3F,0xFA,
 261           0x7F,0xFC,0x3F,0xFA,0x1F,0xF6,0x00,0x0E,0x00,0x1E,0x00,0x1E,0x00,0x1E,0x00,0x1E,
 262           0x00,0x1E,0x00,0x1E,0x00,0x1E,0x0F,0xEE,0x1F,0xF6,0x3F,0xFA,0x7F,0xFC,0x00,0x00},
 263          //---4---
 264          {0x00,0x00,0x00,0x00,0x80,0x02,0xC0,0x06,0xE0,0x0E,0xF0,0x1E,0xF0,0x1E,0xF0,0x1E,
 265           0xF0,0x1E,0xF0,0x1E,0xF0,0x1E,0xF0,0x1E,0xF0,0x1E,0xE0,0x0E,0xDF,0xF6,0xBF,0xFA,
 266           0x7F,0xFC,0x3F,0xFA,0x1F,0xF6,0x00,0x0E,0x00,0x1E,0x00,0x1E,0x00,0x1E,0x00,0x1E,
 267           0x00,0x1E,0x00,0x1E,0x00,0x1E,0x00,0x0E,0x00,0x06,0x00,0x02,0x00,0x00,0x00,0x00},
 268          //---5---
 269          {0x00,0x00,0x7F,0xFC,0xBF,0xF8,0xDF,0xF0,0xEF,0xE0,0xF0,0x00,0xF0,0x00,0xF0,0x00,
 270           0xF0,0x00,0xF0,0x00,0xF0,0x00,0xF0,0x00,0xF0,0x00,0xE0,0x00,0xDF,0xF0,0xBF,0xF8,
 271           0x7F,0xFC,0x3F,0xFA,0x1F,0xF6,0x00,0x0E,0x00,0x1E,0x00,0x1E,0x00,0x1E,0x00,0x1E,
 272           0x00,0x1E,0x00,0x1E,0x00,0x1E,0x0F,0xEE,0x1F,0xF6,0x3F,0xFA,0x7F,0xFC,0x00,0x00},
 273          //---6---
 274          {0x00,0x00,0x7F,0xFC,0xBF,0xF8,0xDF,0xF0,0xEF,0xE0,0xF0,0x00,0xF0,0x00,0xF0,0x00,
 275           0xF0,0x00,0xF0,0x00,0xF0,0x00,0xF0,0x00,0xF0,0x00,0xE0,0x00,0xDF,0xF0,0xBF,0xF8,
 276           0x7F,0xFC,0xBF,0xFA,0xDF,0xF6,0xE0,0x0E,0xF0,0x1E,0xF0,0x1E,0xF0,0x1E,0xF0,0x1E,
 277           0xF0,0x1E,0xF0,0x1E,0xF0,0x1E,0xEF,0xEE,0xDF,0xF6,0xBF,0xFA,0x7F,0xFC,0x00,0x00},
 278          //---7---
 279          {0x00,0x00,0x7F,0xFC,0x3F,0xFA,0x1F,0xF6,0x0F,0xEE,0x00,0x1E,0x00,0x1E,0x00,0x1E,
 280           0x00,0x1E,0x00,0x1E,0x00,0x1E,0x00,0x1E,0x00,0x1E,0x00,0x0E,0x00,0x06,0x00,0x02,
 281           0x00,0x00,0x00,0x02,0x00,0x06,0x00,0x0E,0x00,0x1E,0x00,0x1E,0x00,0x1E,0x00,0x1E,
 282           0x00,0x1E,0x00,0x1E,0x00,0x1E,0x00,0x0E,0x00,0x06,0x00,0x02,0x00,0x00,0x00,0x00},
 283          //---8---
 284          {0x00,0x00,0x7F,0xFC,0xBF,0xFA,0xDF,0xF6,0xEF,0xEE,0xF0,0x1E,0xF0,0x1E,0xF0,0x1E,
 285           0xF0,0x1E,0xF0,0x1E,0xF0,0x1E,0xF0,0x1E,0xF0,0x1E,0xE0,0x0E,0xDF,0xF6,0xBF,0xFA,
 286           0x7F,0xFC,0xBF,0xFA,0xDF,0xF6,0xE0,0x0E,0xF0,0x1E,0xF0,0x1E,0xF0,0x1E,0xF0,0x1E,
 287           0xF0,0x1E,0xF0,0x1E,0xF0,0x1E,0xEF,0xEE,0xDF,0xF6,0xBF,0xFA,0x7F,0xFC,0x00,0x00},
 288          //---9---
 289          {0x00,0x00,0x7F,0xFC,0xBF,0xFA,0xDF,0xF6,0xEF,0xEE,0xF0,0x1E,0xF0,0x1E,0xF0,0x1E,
 290           0xF0,0x1E,0xF0,0x1E,0xF0,0x1E,0xF0,0x1E,0xF0,0x1E,0xE0,0x0E,0xDF,0xF6,0xBF,0xFA,
 291           0x7F,0xFC,0x3F,0xFA,0x1F,0xF6,0x00,0x0E,0x00,0x1E,0x00,0x1E,0x00,0x1E,0x00,0x1E,
 292           0x00,0x1E,0x00,0x1E,0x00,0x1E,0x0F,0xEE,0x1F,0xF6,0x3F,0xFA,0x7F,0xFC,0x00,0x00},
 293          // 图片":"  10  //点可以选择其中之一
 294          //6X6方点
 295          {0x00,0x00,0x00,0x00,0x00,0x00,0x00,0x00,0x00,0x00,0x00,0x00,0x07,0xE0,0x07,0xE0,
 296          0x07,0xE0,0x07,0xE0,0x07,0xE0,0x07,0xE0,0x00,0x00,0x00,0x00,0x00,0x00,0x00,0x00,
 297          0x00,0x00,0x00,0x00,0x00,0x00,0x00,0x00,0x07,0xE0,0x07,0xE0,0x07,0xE0,0x07,0xE0,
 298          0x07,0xE0,0x07,0xE0,0x00,0x00,0x00,0x00,0x00,0x00,0x00,0x00,0x00,0x00,0x00,0x00},
 299          
 300          //笑脸
 301          //{0x00,0x00,0x00,0x00,0x00,0x00,0x00,0x00,0x00,0x00,0x03,0xC0,0x07,0xE0,0x0F,0xF0,
 302          //0x09,0x90,0x0F,0xF0,0x0F,0xF0,0x0D,0xB0,0x06,0x60,0x03,0xC0,0x00,0x00,0x00,0x00,
C51 COMPILER V9.60.0.0   ZK                                                                05/29/2020 16:57:56 PAGE 6   

 303          //0x00,0x00,0x00,0x00,0x00,0x00,0x03,0xC0,0x07,0xE0,0x0F,0xF0,0x09,0x90,0x0F,0xF0,
 304          //0x0F,0xF0,0x0D,0xB0,0x06,0x60,0x03,0xC0,0x00,0x00,0x00,0x00,0x00,0x00,0x00,0x00}
 305          
 306          };
 307          uchar code kj[]={
 308          
 309          0x00,0x00,0x00,0x00,0x00,0x00,0x00,0x00,0x00,0x00,0x00,0x00,0x00,0x00,0x00,0x00,0x00,0x00,0x00,0x00,0x00,0
             -x00,0x00,0x00,0x00,0x00,0x00,0x00,0x00,0x00,0x00,0x00,
 310          0x00,0x00,0x00,0x00,0x00,0x00,0x00,0x00,0x00,0x00,0x00,0x00,0x00,0x00,0x00,0x00,0x00,0x00,0x00,0x00,0x00,0
             -x00,0x00,0x00,0x00,0x00,0x00,0x00,0x00,0x00,0x00,0x00,
 311          0x00,0x00,0x00,0x00,0x00,0x00,0x00,0x00,0x00,0x00,0x00,0x00,0x00,0x00,0x00,0x00,0x00,0x00,0x00,0x00,0x00,0
             -x00,0x00,0x00,0x00,0x00,0x00,0x00,0x00,0x00,0x00,0x00,
 312          0x00,0x00,0x00,0x00,0x00,0x00,0x00,0x00,0x00,0x00,0x00,0x00,0x00,0x00,0x00,0x00,0x00,0x00,0x00,0x00,0x00,0
             -x00,0x00,0x00,0x00,0x00,0x00,0x00,0x00,0x00,0x00,0x00,
 313          0x00,0x00,0x00,0x00,0x00,0x00,0x00,0x00,0x00,0x00,0x00,0x00,0x00,0x00,0x00,0x00,0x00,0x00,0x00,0x00,0x00,0
             -x00,0x00,0x00,0x00,0x00,0x00,0x00,0x00,0x00,0x00,0x00,
 314          0x00,0x00,0x00,0x00,0x00,0x00,0x00,0x00,0x00,0x00,0x00,0x00,0x00,0x00,0x00,0x00,0x00,0x00,0x3F,0xFF,0xF7,0
             -xF8,0xFE,0x00,0xFE,0x7F,0xFF,0x1F,0xFF,0x00,0x00,0x00,
 315          0x00,0x00,0x3F,0xFF,0xF7,0xF8,0xFE,0x00,0xFE,0x7F,0xFF,0x1F,0xFF,0xC0,0x00,0x00,0x00,0x00,0x3C,0x78,0xF3,0
             -xF0,0x7F,0x00,0xFC,0x3E,0x07,0x0F,0x87,0xC0,0x00,0x00,
 316          0x00,0x00,0x38,0x78,0x71,0xE0,0x3F,0x01,0xF8,0x1E,0x07,0x07,0x83,0xE0,0x00,0x00,0x00,0x00,0x30,0x78,0x31,0
             -xE0,0x3F,0x01,0xF8,0x1E,0x03,0x07,0x81,0xE0,0x00,0x00,
 317          0x00,0x00,0x30,0x78,0x31,0xE0,0x3F,0x83,0xF8,0x1E,0x00,0x07,0x81,0xE0,0x00,0x00,0x00,0x00,0x00,0x78,0x01,0
             -xE0,0x3F,0x83,0xF8,0x1E,0x00,0x07,0x81,0xE0,0x00,0x00,
 318          0x00,0x00,0x00,0x78,0x01,0xE0,0x3F,0x83,0xF8,0x1E,0x18,0x07,0x81,0xE0,0x00,0x00,0x00,0x00,0x00,0x78,0x01,0
             -xE0,0x3B,0xC7,0x78,0x1E,0x38,0x07,0x83,0xC0,0x00,0x00,
 319          0x00,0x00,0x00,0x78,0x01,0xE0,0x3B,0xC7,0x78,0x1F,0xF8,0x07,0x87,0xC0,0x00,0x00,0x00,0x00,0x00,0x78,0x01,0
             -xE0,0x39,0xC7,0x78,0x1F,0xF8,0x07,0xFF,0x80,0x00,0x00,
 320          0x00,0x00,0x00,0x78,0x01,0xE0,0x39,0xEE,0x78,0x1E,0x38,0x07,0xFF,0x00,0x00,0x00,0x00,0x00,0x00,0x78,0x01,0
             -xE0,0x39,0xEE,0x78,0x1E,0x18,0x07,0x8F,0x80,0x00,0x00,
 321          0x00,0x00,0x00,0x78,0x01,0xE0,0x38,0xFC,0x78,0x1E,0x00,0x07,0x87,0x80,0x00,0x00,0x00,0x00,0x00,0x78,0x01,0
             -xE0,0x38,0xFC,0x78,0x1E,0x00,0x07,0x87,0xC0,0x00,0x00,
 322          0x00,0x00,0x00,0x78,0x01,0xE0,0x38,0xFC,0x78,0x1E,0x03,0x07,0x83,0xC0,0x00,0x00,0x00,0x00,0x00,0x78,0x01,0
             -xE0,0x38,0x78,0x78,0x1E,0x03,0x07,0x83,0xE0,0x00,0x00,
 323          0x00,0x00,0x00,0x78,0x01,0xE0,0x38,0x78,0x78,0x1E,0x07,0x07,0x81,0xF0,0x00,0x00,0x00,0x00,0x00,0xFC,0x03,0
             -xF0,0x7C,0x38,0xFC,0x3E,0x0F,0x0F,0xC1,0xF8,0x00,0x00,
 324          0x00,0x00,0x01,0xFE,0x07,0xF8,0xFE,0x01,0xFE,0x7F,0xFF,0x1F,0xE0,0xFC,0x00,0x00,0x00,0x00,0x01,0xFE,0x07,0
             -xF8,0xFE,0x01,0xFE,0x7F,0xFF,0x1F,0xE0,0x7C,0x00,0x00,
 325          0x00,0x00,0x00,0x00,0x00,0x00,0x00,0x00,0x00,0x00,0x00,0x00,0x00,0x00,0x00,0x00,0x00,0x00,0x00,0x00,0x00,0
             -x00,0x00,0x00,0x00,0x00,0x00,0x00,0x00,0x00,0x00,0x00,
 326          0x00,0x00,0x00,0x00,0x00,0x00,0x00,0x00,0x00,0x00,0x00,0x00,0x00,0x00,0x00,0x00,0x00,0x00,0x00,0x00,0x00,0
             -x00,0x00,0x00,0x00,0x00,0x00,0x00,0x00,0x00,0x00,0x00,
 327          0x00,0x00,0x00,0x00,0x00,0x00,0x00,0x00,0x00,0x00,0x00,0x00,0x00,0x00,0x00,0x00,0x00,0x00,0x00,0x00,0x00,0
             -x00,0x00,0x00,0x00,0x00,0x00,0x00,0x00,0x00,0x00,0x00,
 328          0x00,0x00,0x00,0x00,0x00,0x00,0x00,0x00,0x00,0x00,0x00,0x00,0x00,0x00,0x00,0x00,0x00,0x00,0x00,0x00,0x00,0
             -x00,0x00,0x00,0x00,0x00,0x00,0x00,0x00,0x00,0x00,0x00,
 329          0x00,0x00,0x00,0x00,0x00,0x00,0x00,0x00,0x00,0x00,0x00,0x00,0x00,0x00,0x00,0x00,0x00,0x00,0x00,0x00,0x00,0
             -x00,0x00,0x00,0x00,0x00,0x00,0x00,0x00,0x00,0x00,0x00,
 330          0x00,0x00,0x00,0x00,0x00,0x00,0x00,0x00,0x00,0x00,0x00,0x00,0x00,0x00,0x00,0x00,0x00,0xFE,0x0F,0xC0,0x00,0
             -x00,0xE3,0xE7,0xFB,0xF9,0xF0,0xF8,0x7C,0xFF,0x3E,0x00,
 331          0x01,0xFF,0x1F,0xF0,0x00,0x01,0xE7,0xE7,0xFB,0xFB,0xF9,0xFC,0xFC,0xFF,0x7F,0x00,0x03,0xCF,0xBC,0xF0,0x00,0
             -x03,0xE7,0x00,0x33,0x83,0x9D,0xDC,0xE0,0x0E,0x77,0x00,
 332          0x03,0x83,0xB8,0x78,0x1C,0x03,0xEE,0x00,0x73,0x83,0x9D,0x8F,0xC0,0x0E,0xE3,0x00,0x03,0x83,0xF0,0x38,0x1C,0
             -x07,0xEF,0xE0,0x73,0xE3,0x1F,0x8F,0xFC,0x1C,0xE3,0x00,
 333          0x03,0x03,0xF0,0x38,0x18,0x0E,0xEF,0xF0,0xE3,0xF3,0x1F,0x8F,0xFE,0x1C,0xE3,0x00,0x03,0x03,0xF0,0x38,0x00,0
             -x0E,0xEF,0x70,0xE0,0x7B,0x1F,0x8F,0xEE,0x1C,0xE3,0x00,
 334          0x03,0x83,0xF8,0x38,0x00,0x1F,0xFE,0x71,0xC0,0x3B,0x1F,0x8F,0xCE,0x38,0xE3,0x00,0x03,0x87,0xB8,0x78,0x00,0
             -x1F,0xFE,0x71,0xC0,0x3B,0x9D,0x8D,0xCE,0x38,0xE7,0x00,
 335          0x03,0xEF,0x3E,0xF0,0x18,0x00,0xEF,0x71,0xC3,0x3B,0xB9,0xDD,0xEE,0x70,0x77,0x00,0x01,0xFF,0x1F,0xE0,0x1C,0
             -x00,0xE7,0xF3,0x83,0xFB,0xF9,0xFC,0xFE,0x70,0x7E,0x00,
 336          0x00,0x7C,0x0F,0xC0,0x18,0x00,0xE3,0xC3,0x83,0xE0,0xF0,0xF8,0x78,0x70,0x3C,0x00,0x00,0x1F,0x81,0xF8,0x00,0
             -x00,0x00,0x00,0x00,0x00,0x00,0x00,0x00,0x00,0x00,0x00,
C51 COMPILER V9.60.0.0   ZK                                                                05/29/2020 16:57:56 PAGE 7   

 337          0x00,0x0F,0x80,0xF8,0x00,0x00,0x00,0x00,0x00,0x00,0x00,0x00,0x00,0x00,0x00,0x00,0x00,0x03,0x80,0x38,0x00,0
             -x00,0x00,0x00,0x00,0x00,0x00,0x00,0x00,0x00,0x00,0x00,
 338          0x00,0x00,0x00,0x00,0x00,0x00,0x00,0x00,0x00,0x00,0x00,0x00,0x00,0x00,0x00,0x00,0x00,0x00,0x00,0x00,0x00,0
             -x00,0x00,0x00,0x00,0x00,0x00,0x00,0x00,0x00,0x00,0x00,
 339          0x00,0x00,0x00,0x00,0x00,0x00,0x00,0x00,0x00,0x00,0x00,0x00,0x00,0x00,0x00,0x00,0x00,0x00,0x00,0x00,0x00,0
             -x00,0x00,0x00,0x00,0x00,0x00,0x00,0x00,0x00,0x00,0x00,
 340          0x00,0x00,0x00,0x00,0x00,0x00,0x00,0x00,0x00,0x00,0x00,0x00,0x00,0x00,0x00,0x00,0x00,0x00,0x00,0x00,0x00,0
             -x00,0x00,0x00,0x00,0x00,0x00,0x00,0x00,0x00,0x00,0x00,/*"C:\Users\queqiongtao\Desktop\未标题-4.bmp",0*/
 341          
 342          };
 343          uchar code qqt[]={
 344          0x00,0x00,0x00,0x00,0x00,0x00,0x00,0x00,0x00,0x00,0x00,0x00,0x00,0x00,0x00,0x00,0x00,0x00,0x00,0x00,0x00,0
             -x00,0x00,0x00,0x00,0x00,0x00,0x00,0x00,0x00,0x00,0x00,
 345          0x00,0x00,0x00,0x00,0x00,0x00,0x00,0x00,0x00,0x00,0x00,0x00,0x00,0x00,0x00,0x00,0x00,0x00,0x00,0x00,0x00,0
             -x00,0x00,0x00,0x00,0x00,0x00,0x00,0x00,0x00,0x00,0x00,
 346          0x00,0x00,0x00,0x00,0x00,0x00,0x00,0x00,0x00,0x00,0x00,0x00,0x00,0x30,0x00,0x00,0x00,0x00,0x00,0x00,0x00,0
             -x00,0x00,0x00,0x00,0x00,0x00,0x00,0x00,0x30,0x00,0x00,
 347          0x00,0x00,0x00,0x00,0x00,0x00,0x00,0x00,0x00,0x00,0x00,0x00,0x00,0x70,0x00,0x00,0x00,0x00,0x00,0x00,0x00,0
             -xC0,0x00,0x00,0x30,0x00,0x00,0x06,0x00,0x70,0x00,0x00,
 348          0x00,0x00,0x00,0x0C,0x00,0xE0,0x00,0x00,0x34,0x00,0x00,0xC7,0x00,0x70,0x00,0x00,0x00,0x00,0x00,0x0F,0xFE,0
             -xE0,0x00,0x00,0x6F,0x80,0x0E,0x67,0x60,0x60,0x00,0x00,
 349          0x00,0x00,0x00,0x1F,0xFF,0xE6,0x00,0x00,0xEB,0x80,0x1E,0xE3,0x60,0x78,0x00,0x00,0x00,0x00,0x00,0x1F,0xFF,0
             -xF6,0x00,0x03,0xFF,0xF0,0x1C,0xFA,0xF8,0x7C,0x00,0x00,
 350          0x00,0x00,0x00,0x3F,0xFF,0xFE,0x01,0x97,0xFF,0xFC,0x1F,0xFF,0xFF,0xFC,0x00,0x00,0x00,0x00,0x00,0x3F,0xFF,0
             -xFE,0x01,0xEF,0xFF,0xF6,0x1F,0xFF,0xFF,0xFC,0x00,0x00,
 351          0x00,0x00,0x00,0xFF,0xFF,0xFF,0x03,0xFF,0xFF,0xFE,0x3F,0xFF,0xFF,0xF8,0x00,0x00,0x00,0x00,0x00,0xFF,0xFF,0
             -xFF,0x03,0xFF,0xFF,0xFE,0x3F,0xFF,0xFF,0xFC,0x00,0x00,
 352          0x00,0x00,0x00,0xFF,0xFF,0xFE,0x03,0xFF,0xFF,0xFF,0x3F,0xFF,0xFF,0xFC,0x00,0x00,0x00,0x00,0x00,0xFF,0xFF,0
             -xFF,0x81,0xFF,0xFF,0xFF,0x3F,0xFF,0xFF,0xFC,0x00,0x00,
 353          0x00,0x00,0x01,0xFF,0xFF,0xFF,0x01,0xFF,0xFF,0xFF,0x1F,0xFF,0xFF,0xFE,0x00,0x00,0x00,0x00,0x03,0xFF,0xFF,0
             -xFF,0x81,0xFF,0xFF,0xFF,0x9F,0x87,0xFF,0xFE,0x00,0x00,
 354          0x00,0x00,0x03,0xFF,0xE0,0xFF,0xC1,0xFF,0xA1,0xFF,0xDF,0x87,0xE3,0xFE,0x00,0x00,0x00,0x00,0x03,0xFF,0x80,0
             -x7F,0x81,0xFF,0x80,0x7F,0xEF,0x07,0xE0,0x7E,0x00,0x00,
 355          0x00,0x00,0x03,0xFF,0x00,0x3F,0xC3,0xFF,0x00,0x3F,0xEF,0x07,0xE0,0x3E,0x00,0x00,0x00,0x00,0x03,0xFE,0x00,0
             -x3F,0xE3,0xFC,0x00,0x3F,0xEF,0x07,0xE0,0x1E,0x00,0x00,
 356          0x00,0x00,0x03,0xFE,0x00,0x1F,0xE3,0xF6,0x00,0x1F,0xEF,0x07,0xE0,0x1E,0x00,0x00,0x00,0x00,0x07,0xFC,0x00,0
             -x1F,0xE3,0xE0,0x00,0x3F,0xED,0x07,0xE0,0x1E,0x00,0x00,
 357          0x00,0x00,0x07,0xFC,0x00,0x1F,0xF3,0xC8,0x00,0x3F,0xEE,0x07,0xC0,0x0E,0x00,0x00,0x00,0x00,0x07,0xFC,0x00,0
             -x0F,0xF3,0xF8,0x00,0x3F,0xCE,0x07,0xC0,0x06,0x00,0x00,
 358          0x00,0x00,0x07,0xFC,0x00,0x0F,0xF3,0xF0,0x00,0x3F,0xC0,0x07,0xC0,0x00,0x00,0x00,0x00,0x00,0x07,0xF8,0x00,0
             -x0F,0xF3,0xF0,0x00,0x3F,0xC0,0x03,0xC0,0x00,0x00,0x00,
 359          0x00,0x00,0x07,0xF8,0x00,0x0F,0xE3,0xE0,0x00,0x1F,0xC0,0x03,0xE0,0x00,0x00,0x00,0x00,0x00,0x07,0xF8,0x00,0
             -x0F,0xF3,0xE0,0x00,0x1F,0xC0,0x03,0xE0,0x00,0x00,0x00,
 360          0x00,0x00,0x07,0xFC,0x00,0x0F,0xF3,0xE0,0x00,0x1F,0xC0,0x03,0xE0,0x00,0x00,0x00,0x00,0x00,0x07,0xFC,0x00,0
             -x2F,0xF3,0xE0,0x00,0x1F,0xC0,0x03,0xC0,0x00,0x00,0x00,
 361          0x00,0x00,0x07,0xFC,0x00,0x2F,0xF3,0xE0,0x00,0x1F,0x80,0x03,0xC0,0x00,0x00,0x00,0x00,0x00,0x07,0xFC,0x00,0
             -x1F,0xF3,0xF0,0x00,0x1F,0x80,0x03,0xE0,0x00,0x00,0x00,
 362          0x00,0x00,0x03,0xFE,0x00,0x3F,0xF3,0xF8,0x00,0x1F,0x80,0x03,0xE0,0x00,0x00,0x00,0x00,0x00,0x03,0xFE,0x00,0
             -x3F,0xF3,0xFD,0x80,0x1F,0x80,0x03,0xE0,0x00,0x00,0x00,
 363          0x00,0x00,0x03,0xFE,0x03,0x3F,0xF3,0xFB,0x88,0x7F,0x80,0x03,0xE0,0x00,0x00,0x00,0x00,0x00,0x03,0xFE,0xF3,0
             -xBF,0xF3,0xFF,0x3C,0xFF,0x80,0x03,0xE0,0x00,0x00,0x00,
 364          0x00,0x00,0x03,0xFF,0xF3,0xFF,0xF3,0xFF,0xBF,0xFF,0x00,0x03,0xE0,0x00,0x00,0x00,0x00,0x00,0x01,0xFF,0xFF,0
             -xFF,0xF1,0xFF,0x7F,0xFC,0x00,0x2F,0xE0,0x00,0x00,0x00,
 365          0x00,0x00,0x01,0xFF,0xFF,0xFF,0xE1,0xFF,0x7F,0xF8,0x00,0x3F,0xEF,0x00,0x00,0x00,0x00,0x00,0x00,0xFF,0xFF,0
             -xFF,0xC0,0xFF,0xFF,0xF8,0x00,0x3F,0xFF,0x00,0x00,0x00,
 366          0x00,0x00,0x00,0xFF,0xFF,0xFF,0x00,0xFF,0xFF,0xE0,0x00,0x3F,0xFF,0x80,0x00,0x00,0x00,0x00,0x00,0x7F,0xFF,0
             -xFE,0x00,0x7F,0xFF,0xF0,0x00,0x7F,0xFF,0x80,0x00,0x00,
 367          0x00,0x00,0x00,0x7F,0xFF,0xFC,0x00,0x7F,0xFF,0xFC,0x00,0x7F,0xFF,0x80,0x00,0x00,0x00,0x00,0x00,0x3F,0xFF,0
             -xFE,0x00,0x3F,0xFF,0xFE,0x00,0x7F,0xFF,0x80,0x00,0x00,
 368          0x00,0x00,0x00,0x0F,0xFF,0xFE,0x00,0x1F,0xFF,0xFE,0x00,0x7F,0xFF,0x80,0x00,0x00,0x00,0x00,0x00,0x07,0xFF,0
             -xFF,0x00,0x0F,0xFF,0xFF,0x00,0xFF,0xFF,0x80,0x00,0x00,
 369          0x00,0x00,0x00,0x03,0xFF,0xFF,0x80,0x07,0xFF,0xFF,0x00,0xFB,0xFF,0x80,0x00,0x00,0x00,0x00,0x00,0x00,0xFF,0
C51 COMPILER V9.60.0.0   ZK                                                                05/29/2020 16:57:56 PAGE 8   

             -xFF,0x80,0x01,0xFF,0xFF,0x80,0x00,0x0F,0x80,0x00,0x00,
 370          0x00,0x00,0x00,0x00,0x1F,0xFF,0xC0,0x00,0x1F,0xFF,0x80,0x00,0x00,0x00,0x00,0x00,0x00,0x00,0x00,0x00,0x07,0
             -xFF,0xC0,0x00,0x1F,0xFF,0xC0,0x00,0x00,0x00,0x00,0x00,
 371          0x00,0x00,0x00,0x00,0x0F,0xFF,0xE0,0x00,0x1F,0xFF,0x80,0x00,0x00,0x00,0x00,0x00,0x00,0x00,0x00,0x00,0x07,0
             -xFF,0xE0,0x00,0x1F,0xFF,0x80,0x00,0x00,0x00,0x00,0x00,
 372          0x00,0x00,0x00,0x00,0x07,0xFF,0xE0,0x00,0x0F,0xFF,0x80,0x00,0x00,0x00,0x00,0x00,0x00,0x00,0x00,0x00,0x03,0
             -xFF,0xE0,0x00,0x07,0xFF,0x80,0x00,0x00,0x00,0x00,0x00,
 373          0x00,0x00,0x00,0x00,0x01,0xFF,0xF0,0x00,0x03,0xFF,0x80,0x00,0x00,0x00,0x00,0x00,0x00,0x00,0x00,0x00,0x00,0
             -xFF,0xF0,0x00,0x00,0x7C,0x00,0x00,0x00,0x00,0x00,0x00,
 374          0x00,0x00,0x00,0x00,0x00,0x3F,0xC0,0x00,0x00,0x00,0x00,0x00,0x00,0x00,0x00,0x00,0x00,0x00,0x00,0x00,0x00,0
             -x00,0x00,0x00,0x00,0x00,0x00,0x00,0x00,0x00,0x00,0x00,
 375          0x00,0x00,0x00,0x00,0x00,0x00,0x00,0x00,0x00,0x00,0x00,0x00,0x00,0x00,0x00,0x00,0x00,0x00,0x00,0x00,0x00,0
             -x00,0x00,0x00,0x00,0x00,0x00,0x00,0x00,0x00,0x00,0x00,/*"C:\Users\queqiongtao\Desktop\火焰字.bmp",0*/
 376          };
 377          unsigned char code num1632[11][64]={  
 378          
 379          {//图片数字0
 380          0x00,0x00,0x3F,0xFC,0x5F,0xFA,0x6F,0xF6,0x70,0x0E,0x70,0x0E,0x70,0x0E,0x70,0x0E,
 381          0x70,0x0E,0x70,0x0E,0x70,0x0E,0x70,0x0E,0x70,0x0E,0x60,0x06,0x40,0x02,0x00,0x00,
 382          0x40,0x02,0x60,0x06,0x70,0x0E,0x70,0x0E,0x70,0x0E,0x70,0x0E,0x70,0x0E,0x70,0x0E,
 383          0x70,0x0E,0x70,0x0E,0x70,0x0E,0x6F,0xF6,0x5F,0xFA,0x3F,0xFC,0x00,0x00,0x00,0x00}, 
 384          {// 图片数字1
 385          0x00,0x00,0x00,0x20,0x00,0x60,0x00,0xE0,0x00,0xE0,0x00,0xE0,0x00,0xE0,0x00,0xE0,
 386          0x00,0xE0,0x00,0xE0,0x00,0xE0,0x00,0xE0,0x00,0x60,0x00,0x20,0x00,0x00,0x00,0x20,
 387          0x00,0x60,0x00,0xE0,0x00,0xE0,0x00,0xE0,0x00,0xE0,0x00,0xE0,0x00,0xE0,0x00,0xE0,
 388          0x00,0xE0,0x00,0xE0,0x00,0xE0,0x00,0x60,0x00,0x20,0x00,0x00,0x00,0x00,0x00,0x00},
 389          {// 图片数字2
 390          0x00,0x00,0x3F,0xFC,0x1F,0xFA,0x0F,0xF6,0x00,0x0E,0x00,0x0E,0x00,0x0E,0x00,0x0E,
 391          0x00,0x0E,0x00,0x0E,0x00,0x0E,0x00,0x0E,0x00,0x0E,0x00,0x06,0x1F,0xFA,0x3F,0xFC,
 392          0x5F,0xF8,0x60,0x00,0x70,0x00,0x70,0x00,0x70,0x00,0x70,0x00,0x70,0x00,0x70,0x00,
 393          0x70,0x00,0x70,0x00,0x70,0x00,0x6F,0xF8,0x5F,0xFC,0x3F,0xFE,0x00,0x00,0x00,0x00}, 
 394          {// 图片数字3
 395          0x00,0x00,0x3F,0xFC,0x1F,0xFA,0x0F,0xF6,0x00,0x0E,0x00,0x0E,0x00,0x0E,0x00,0x0E,
 396          0x00,0x0E,0x00,0x0E,0x00,0x0E,0x00,0x0E,0x00,0x0E,0x00,0x06,0x1F,0xFA,0x3F,0xFC,
 397          0x1F,0xFA,0x00,0x06,0x00,0x0E,0x00,0x0E,0x00,0x0E,0x00,0x0E,0x00,0x0E,0x00,0x0E,
 398          0x00,0x0E,0x00,0x0E,0x00,0x0E,0x0F,0xF6,0x1F,0xFA,0x3F,0xFC,0x00,0x00,0x00,0x00}, 
 399          {// 图片数字4
 400          0x00,0x00,0x40,0x02,0x60,0x06,0x70,0x0E,0x70,0x0E,0x70,0x0E,0x70,0x0E,0x70,0x0E,
 401          0x70,0x0E,0x70,0x0E,0x70,0x0E,0x70,0x0E,0x70,0x0E,0x60,0x06,0x5F,0xFA,0x3F,0xFC,
 402          0x1F,0xFA,0x00,0x06,0x00,0x0E,0x00,0x0E,0x00,0x0E,0x00,0x0E,0x00,0x0E,0x00,0x0E,
 403          0x00,0x0E,0x00,0x0E,0x00,0x0E,0x00,0x0E,0x00,0x06,0x00,0x02,0x00,0x00,0x00,0x00}, 
 404          {// 图片数字5
 405          0x00,0x00,0x3F,0xFC,0x5F,0xF8,0x6F,0xF0,0x70,0x00,0x70,0x00,0x70,0x00,0x70,0x00,
 406          0x70,0x00,0x70,0x00,0x70,0x00,0x70,0x00,0x70,0x00,0x60,0x00,0x5F,0xF8,0x3F,0xFC,
 407          0x1F,0xFA,0x00,0x06,0x00,0x0E,0x00,0x0E,0x00,0x0E,0x00,0x0E,0x00,0x0E,0x00,0x0E,
 408          0x00,0x0E,0x00,0x0E,0x00,0x0E,0x0F,0xF6,0x1F,0xFA,0x3F,0xFC,0x00,0x00,0x00,0x00}, 
 409          {// 图片数字6
 410          0x00,0x00,0x3F,0xFC,0x5F,0xF8,0x6F,0xF0,0x70,0x00,0x70,0x00,0x70,0x00,0x70,0x00,
 411          0x70,0x00,0x70,0x00,0x70,0x00,0x70,0x00,0x70,0x00,0x60,0x00,0x5F,0xF8,0x3F,0xFC,
 412          0x5F,0xFA,0x60,0x06,0x70,0x0E,0x70,0x0E,0x70,0x0E,0x70,0x0E,0x70,0x0E,0x70,0x0E,
 413          0x70,0x0E,0x70,0x0E,0x70,0x0E,0x6F,0xF6,0x5F,0xFA,0x3F,0xFC,0x00,0x00,0x00,0x00}, 
 414          {// 图片数字7
 415          0x00,0x00,0x3F,0xFC,0x1F,0xFA,0x0F,0xF6,0x00,0x0E,0x00,0x0E,0x00,0x0E,0x00,0x0E,
 416          0x00,0x0E,0x00,0x0E,0x00,0x0E,0x00,0x0E,0x00,0x0E,0x00,0x06,0x00,0x02,0x00,0x00,
 417          0x00,0x02,0x00,0x06,0x00,0x0E,0x00,0x0E,0x00,0x0E,0x00,0x0E,0x00,0x0E,0x00,0x0E,
 418          0x00,0x0E,0x00,0x0E,0x00,0x0E,0x00,0x06,0x00,0x02,0x00,0x00,0x00,0x00,0x00,0x00},
 419          {// 图片数字8
 420          0x00,0x00,0x3F,0xFC,0x5F,0xFA,0x6F,0xF6,0x70,0x0E,0x70,0x0E,0x70,0x0E,0x70,0x0E,
 421          0x70,0x0E,0x70,0x0E,0x70,0x0E,0x70,0x0E,0x70,0x0E,0x60,0x06,0x5F,0xFA,0x3F,0xFC,
 422          0x5F,0xFA,0x60,0x06,0x70,0x0E,0x70,0x0E,0x70,0x0E,0x70,0x0E,0x70,0x0E,0x70,0x0E,
 423          0x70,0x0E,0x70,0x0E,0x70,0x0E,0x6F,0xF6,0x5F,0xFA,0x3F,0xFC,0x00,0x00,0x00,0x00}, 
 424          {// 图片数字9
C51 COMPILER V9.60.0.0   ZK                                                                05/29/2020 16:57:56 PAGE 9   

 425          0x00,0x00,0x3F,0xFC,0x5F,0xFA,0x6F,0xF6,0x70,0x0E,0x70,0x0E,0x70,0x0E,0x70,0x0E,
 426          0x70,0x0E,0x70,0x0E,0x70,0x0E,0x70,0x0E,0x70,0x0E,0x60,0x06,0x5F,0xFA,0x3F,0xFC,
 427          0x1F,0xFA,0x00,0x06,0x00,0x0E,0x00,0x0E,0x00,0x0E,0x00,0x0E,0x00,0x0E,0x00,0x0E,
 428          0x00,0x0E,0x00,0x0E,0x00,0x0E,0x1F,0xF6,0x3F,0xFA,0x7F,0xFC,0x00,0x00,0x00,0x00}, 
 429          {// 图片":" 10
 430          //6X6方点
 431          //0x00,0x00,0x00,0x00,0x00,0x00,0x00,0x00,0x00,0x00,0x00,0x00,0x07,0xE0,0x07,0xE0,
 432          //0x07,0xE0,0x07,0xE0,0x07,0xE0,0x07,0xE0,0x00,0x00,0x00,0x00,0x00,0x00,0x00,0x00,
 433          //0x00,0x00,0x00,0x00,0x00,0x00,0x00,0x00,0x07,0xE0,0x07,0xE0,0x07,0xE0,0x07,0xE0,
 434          //0x07,0xE0,0x07,0xE0,0x00,0x00,0x00,0x00,0x00,0x00,0x00,0x00,0x00,0x00,0x00,0x00
 435          
 436          //8x8圆点
 437          0x00,0x00,0x00,0x00,0x00,0x00,0x00,0x00,0x03,0xC0,0x07,0xE0,0x0F,0xF0,0x0F,0xF0,
 438          0x0F,0xF0,0x0F,0xF0,0x07,0xE0,0x03,0xC0,0x00,0x00,0x00,0x00,0x00,0x00,0x00,0x00,
 439          0x00,0x00,0x00,0x00,0x00,0x00,0x00,0x00,0x03,0xC0,0x07,0xE0,0x0F,0xF0,0x0F,0xF0,
 440          0x0F,0xF0,0x0F,0xF0,0x07,0xE0,0x03,0xC0,0x00,0x00,0x00,0x00,0x00,0x00,0x00,0x00
 441          }
 442          //双心//
 443          //0x00,0x00,0x00,0x00,0x00,0x00,0x00,0x00,0x06,0xC0,0x0F,0xE0,0x1F,0xF0,0x1F,0xF0,
 444          //0x0F,0xE0,0x07,0xC0,0x03,0x80,0x01,0x00,0x00,0x00,0x00,0x00,0x00,0x00,0x00,0x00,
 445          //0x00,0x00,0x00,0x00,0x00,0x00,0x00,0x00,0x06,0xC0,0x0F,0xE0,0x1F,0xF0,0x1F,0xF0,
 446          //0x0F,0xE0,0x07,0xC0,0x03,0x80,0x01,0x00,0x00,0x00,0x00,0x00,0x00,0x00,0x00,0x00}
 447          };
 448          uchar code wd[]={0x00,0x00,0x30,0x00,0x48,0x00,0x49,0xC0,0x33,0xE8,0x06,0x38,0x0C,0x18,0x0C,0x08,
 449          0x0C,0x00,0x0C,0x00,0x0C,0x00,0x0C,0x00,0x06,0x08,0x03,0x10,0x01,0xE0,0x00,0x00}; //"℃"    
 450          uchar code wdj[]=
 451          {0x00,0x00,0x01,0x80,0x02,0x40,0x02,0x40,0x02,0xC0,0x02,0x40,0x02,0xC0,0x02,0x40,
 452          0x02,0xC0,0x02,0x40,0x03,0xC0,0x07,0xE0,0x0F,0xF0,0x0F,0xF0,0x07,0xE0,0x03,0xC0}; //温度计图标
 453          
 454          //闹钟图标
 455          uchar code nz[]=
 456          {0x00,0x00,0x38,0x1C,0x60,0x06,0x43,0xC2,0x4C,0x32,0x11,0x08,0x11,0x08,0x21,0x04,
 457          0x21,0xF4,0x20,0x04,0x10,0x08,0x10,0x08,0x0C,0x30,0x13,0xC8,0x20,0x04,0x00,0x00};
 458          
 459          // 湿度图标
 460          unsigned char code shd[] =                  
 461          {
 462             0x00,0x00,0x00,0x00,0x7F,0xFE,0x40,0x02,0x5E,0x4A,0x52,0x4A,0x52,0x4A,0x5E,0x7A,
 463             0x54,0x4A,0x56,0x4A,0x52,0x4A,0x40,0x02,0x7F,0xFE,0x00,0x00,0x00,0x00,0x00,0x00};
 464          
 465          unsigned char code bfb[] =                 
 466          {
 467                 0x00,0x00,0x00,0x00,0x00,0x04,0x18,0x08,0x24,0x10,0x24,0x20,0x18,0x40,0x00,0x80,
 468                0x01,0x00,0x02,0x00,0x04,0x30,0x08,0x48,0x10,0x48,0x20,0x30,0x00,0x00,0x00,0x00};//百分号16
 469          
 470          uchar code kong3216[]={
 471          
 472          0x00,0x00,0x00,0x00,0x00,0x00,0x00,0x00,0x00,0x00,0x00,0x00,0x00,0x00,0x00,0x00,0x00,0x00,0x00,0x00,0x00,0
             -x00,0x00,0x00,0x00,0x00,0x00,0x00,0x00,0x00,0x00,0x00,
 473          0x00,0x00,0x00,0x00,0x00,0x00,0x00,0x00,0x00,0x00,0x00,0x00,0x00,0x00,0x00,0x00,0x00,0x00,0x00,0x00,0x00,0
             -x00,0x00,0x00,0x00,0x00,0x00,0x00,0x00,0x00,0x00,0x00,/*"未命名文件",0*/
 474          };
 475          uchar code kong[]={ 
 476          
 477          0x00,0x00,0x00,0x00,0x00,0x00,0x00,0x00,0x00,0x00,0x00,0x00,0x00,0x00,0x00,0x00,0x00,0x00,0x00,0x00,0x00,0
             -x00,0x00,0x00,0x00,0x00,0x00,0x00,0x00,0x00,0x00,0x00,
 478          0x00,0x00,0x00,0x00,0x00,0x00,0x00,0x00,0x00,0x00,0x00,0x00,0x00,0x00,0x00,0x00,0x00,0x00,0x00,0x00,0x00,0
             -x00,0x00,0x00,0x00,0x00,0x00,0x00,0x00,0x00,0x00,0x00,
 479          0x00,0x00,0x00,0x00,0x00,0x00,0x00,0x00,0x00,0x00,0x00,0x00,0x00,0x00,0x00,0x00,0x00,0x00,0x00,0x00,0x00,0
             -x00,0x00,0x00,0x00,0x00,0x00,0x00,0x00,0x00,0x00,0x00,
 480          0x00,0x00,0x00,0x00,0x00,0x00,0x00,0x00,0x00,0x00,0x00,0x00,0x00,0x00,0x00,0x00,0x00,0x00,0x00,0x00,0x00,0
             -x00,0x00,0x00,0x00,0x00,0x00,0x00,0x00,0x00,0x00,0x00,
C51 COMPILER V9.60.0.0   ZK                                                                05/29/2020 16:57:56 PAGE 10  

 481          0x00,0x00,0x00,0x00,0x00,0x00,0x00,0x00,0x00,0x00,0x00,0x00,0x00,0x00,0x00,0x00,0x00,0x00,0x00,0x00,0x00,0
             -x00,0x00,0x00,0x00,0x00,0x00,0x00,0x00,0x00,0x00,0x00,
 482          0x00,0x00,0x00,0x00,0x00,0x00,0x00,0x00,0x00,0x00,0x00,0x00,0x00,0x00,0x00,0x00,0x00,0x00,0x00,0x00,0x00,0
             -x00,0x00,0x00,0x00,0x00,0x00,0x00,0x00,0x00,0x00,0x00,
 483          0x00,0x00,0x00,0x00,0x00,0x00,0x00,0x00,0x00,0x00,0x00,0x00,0x00,0x00,0x00,0x00,0x00,0x00,0x00,0x00,0x00,0
             -x00,0x00,0x00,0x00,0x00,0x00,0x00,0x00,0x00,0x00,0x00,
 484          0x00,0x00,0x00,0x00,0x00,0x00,0x00,0x00,0x00,0x00,0x00,0x00,0x00,0x00,0x00,0x00,0x00,0x00,0x00,0x00,0x00,0
             -x00,0x00,0x00,0x00,0x00,0x00,0x00,0x00,0x00,0x00,0x00,
 485          0x00,0x00,0x00,0x00,0x00,0x00,0x00,0x00,0x00,0x00,0x00,0x00,0x00,0x00,0x00,0x00,0x00,0x00,0x00,0x00,0x00,0
             -x00,0x00,0x00,0x00,0x00,0x00,0x00,0x00,0x00,0x00,0x00,
 486          0x00,0x00,0x00,0x00,0x00,0x00,0x00,0x00,0x00,0x00,0x00,0x00,0x00,0x00,0x00,0x00,0x00,0x00,0x00,0x00,0x00,0
             -x00,0x00,0x00,0x00,0x00,0x00,0x00,0x00,0x00,0x00,0x00,
 487          0x00,0x00,0x00,0x00,0x00,0x00,0x00,0x00,0x00,0x00,0x00,0x00,0x00,0x00,0x00,0x00,0x00,0x00,0x00,0x00,0x00,0
             -x00,0x00,0x00,0x00,0x00,0x00,0x00,0x00,0x00,0x00,0x00,
 488          0x00,0x00,0x00,0x00,0x00,0x00,0x00,0x00,0x00,0x00,0x00,0x00,0x00,0x00,0x00,0x00,0x00,0x00,0x00,0x00,0x00,0
             -x00,0x00,0x00,0x00,0x00,0x00,0x00,0x00,0x00,0x00,0x00,
 489          0x00,0x00,0x00,0x00,0x00,0x00,0x00,0x00,0x00,0x00,0x00,0x00,0x00,0x00,0x00,0x00,0x00,0x00,0x00,0x00,0x00,0
             -x00,0x00,0x00,0x00,0x00,0x00,0x00,0x00,0x00,0x00,0x00,
 490          0x00,0x00,0x00,0x00,0x00,0x00,0x00,0x00,0x00,0x00,0x00,0x00,0x00,0x00,0x00,0x00,0x00,0x00,0x00,0x00,0x00,0
             -x00,0x00,0x00,0x00,0x00,0x00,0x00,0x00,0x00,0x00,0x00,
 491          0x00,0x00,0x00,0x00,0x00,0x00,0x00,0x00,0x00,0x00,0x00,0x00,0x00,0x00,0x00,0x00,0x00,0x00,0x00,0x00,0x00,0
             -x00,0x00,0x00,0x00,0x00,0x00,0x00,0x00,0x00,0x00,0x00,
 492          0x00,0x00,0x00,0x00,0x00,0x00,0x00,0x00,0x00,0x00,0x00,0x00,0x00,0x00,0x00,0x00,0x00,0x00,0x00,0x00,0x00,0
             -x00,0x00,0x00,0x00,0x00,0x00,0x00,0x00,0x00,0x00,0x00,
 493          0x00,0x00,0x00,0x00,0x00,0x00,0x00,0x00,0x00,0x00,0x00,0x00,0x00,0x00,0x00,0x00,0x00,0x00,0x00,0x00,0x00,0
             -x00,0x00,0x00,0x00,0x00,0x00,0x00,0x00,0x00,0x00,0x00,
 494          0x00,0x00,0x00,0x00,0x00,0x00,0x00,0x00,0x00,0x00,0x00,0x00,0x00,0x00,0x00,0x00,0x00,0x00,0x00,0x00,0x00,0
             -x00,0x00,0x00,0x00,0x00,0x00,0x00,0x00,0x00,0x00,0x00,
 495          0x00,0x00,0x00,0x00,0x00,0x00,0x00,0x00,0x00,0x00,0x00,0x00,0x00,0x00,0x00,0x00,0x00,0x00,0x00,0x00,0x00,0
             -x00,0x00,0x00,0x00,0x00,0x00,0x00,0x00,0x00,0x00,0x00,
 496          0x00,0x00,0x00,0x00,0x00,0x00,0x00,0x00,0x00,0x00,0x00,0x00,0x00,0x00,0x00,0x00,0x00,0x00,0x00,0x00,0x00,0
             -x00,0x00,0x00,0x00,0x00,0x00,0x00,0x00,0x00,0x00,0x00,
 497          0x00,0x00,0x00,0x00,0x00,0x00,0x00,0x00,0x00,0x00,0x00,0x00,0x00,0x00,0x00,0x00,0x00,0x00,0x00,0x00,0x00,0
             -x00,0x00,0x00,0x00,0x00,0x00,0x00,0x00,0x00,0x00,0x00,
 498          0x00,0x00,0x00,0x00,0x00,0x00,0x00,0x00,0x00,0x00,0x00,0x00,0x00,0x00,0x00,0x00,0x00,0x00,0x00,0x00,0x00,0
             -x00,0x00,0x00,0x00,0x00,0x00,0x00,0x00,0x00,0x00,0x00,
 499          0x00,0x00,0x00,0x00,0x00,0x00,0x00,0x00,0x00,0x00,0x00,0x00,0x00,0x00,0x00,0x00,0x00,0x00,0x00,0x00,0x00,0
             -x00,0x00,0x00,0x00,0x00,0x00,0x00,0x00,0x00,0x00,0x00,
 500          0x00,0x00,0x00,0x00,0x00,0x00,0x00,0x00,0x00,0x00,0x00,0x00,0x00,0x00,0x00,0x00,0x00,0x00,0x00,0x00,0x00,0
             -x00,0x00,0x00,0x00,0x00,0x00,0x00,0x00,0x00,0x00,0x00,
 501          0x00,0x00,0x00,0x00,0x00,0x00,0x00,0x00,0x00,0x00,0x00,0x00,0x00,0x00,0x00,0x00,0x00,0x00,0x00,0x00,0x00,0
             -x00,0x00,0x00,0x00,0x00,0x00,0x00,0x00,0x00,0x00,0x00,
 502          0x00,0x00,0x00,0x00,0x00,0x00,0x00,0x00,0x00,0x00,0x00,0x00,0x00,0x00,0x00,0x00,0x00,0x00,0x00,0x00,0x00,0
             -x00,0x00,0x00,0x00,0x00,0x00,0x00,0x00,0x00,0x00,0x00,
 503          0x00,0x00,0x00,0x00,0x00,0x00,0x00,0x00,0x00,0x00,0x00,0x00,0x00,0x00,0x00,0x00,0x00,0x00,0x00,0x00,0x00,0
             -x00,0x00,0x00,0x00,0x00,0x00,0x00,0x00,0x00,0x00,0x00,
 504          0x00,0x00,0x00,0x00,0x00,0x00,0x00,0x00,0x00,0x00,0x00,0x00,0x00,0x00,0x00,0x00,0x00,0x00,0x00,0x00,0x00,0
             -x00,0x00,0x00,0x00,0x00,0x00,0x00,0x00,0x00,0x00,0x00,
 505          0x00,0x00,0x00,0x00,0x00,0x00,0x00,0x00,0x00,0x00,0x00,0x00,0x00,0x00,0x00,0x00,0x00,0x00,0x00,0x00,0x00,0
             -x00,0x00,0x00,0x00,0x00,0x00,0x00,0x00,0x00,0x00,0x00,
 506          0x00,0x00,0x00,0x00,0x00,0x00,0x00,0x00,0x00,0x00,0x00,0x00,0x00,0x00,0x00,0x00,0x00,0x00,0x00,0x00,0x00,0
             -x00,0x00,0x00,0x00,0x00,0x00,0x00,0x00,0x00,0x00,0x00,
 507          0x00,0x00,0x00,0x00,0x00,0x00,0x00,0x00,0x00,0x00,0x00,0x00,0x00,0x00,0x00,0x00,0x00,0x00,0x00,0x00,0x00,0
             -x00,0x00,0x00,0x00,0x00,0x00,0x00,0x00,0x00,0x00,0x00,
 508          0x00,0x00,0x00,0x00,0x00,0x00,0x00,0x00,0x00,0x00,0x00,0x00,0x00,0x00,0x00,0x00,0x00,0x00,0x00,0x00,0x00,0
             -x00,0x00,0x00,0x00,0x00,0x00,0x00,0x00,0x00,0x00,0x00,/*"未命名文件",0*/
 509          };
 510          uchar code yi[]={
 511          0xFF,0xFF,0xFF,0xFF,0xFF,0xFF,0xFF,0xFF,0xFF,0xFF,0xFF,0xFF,0xFF,0xFF,0xFF,0xFF,0xFF,0xFF,0xFF,0xFF,0xFF,0
             -xFF,0xFF,0xFF,0xFF,0xFF,0xFF,0xFF,0xFF,0xFF,0xFF,0xFF,
 512          0xFF,0xFF,0xFF,0xFF,0xFF,0xFF,0xFF,0xFF,0xFF,0xFF,0xFF,0xFF,0xFF,0xFF,0xFF,0xFF,0xFF,0xFF,0xFF,0xFF,0xFF,0
             -xFF,0xFF,0xFF,0xFF,0xFF,0xFF,0xFF,0xFF,0xFF,0xFF,0xFF,
C51 COMPILER V9.60.0.0   ZK                                                                05/29/2020 16:57:56 PAGE 11  

 513          0xFF,0xFF,0xFF,0xFF,0xFF,0xFF,0xFF,0xFF,0xFF,0xFF,0xFF,0xFF,0xFF,0xFF,0xFF,0xFF,0xFF,0xFF,0xFF,0xFF,0xFF,0
             -xFF,0xFF,0xFF,0xFF,0xFF,0xFF,0xFF,0xFF,0xFF,0xFF,0xFF,
 514          0xFF,0xFF,0xFF,0xFF,0xFF,0xFF,0xFF,0xFF,0xFF,0xFF,0xFF,0xFF,0xFF,0xFF,0xFF,0xFF,0xFF,0xFF,0xFF,0xFF,0xFF,0
             -xFF,0xFF,0xFF,0xFF,0xFF,0xFF,0xFF,0xFF,0xFF,0xFF,0xFF,
 515          0xFF,0xFF,0xFF,0xFF,0xFF,0xFF,0xFF,0xFF,0xFF,0xFF,0xFF,0xFF,0xFF,0xFF,0xFF,0xFF,0xFF,0xFF,0xFF,0xFF,0xFF,0
             -xFF,0xFF,0xFF,0xFF,0xFF,0xFF,0xFF,0xFF,0xFF,0xFF,0xFF,
 516          0xFF,0xFF,0xFF,0xFF,0xFF,0xFF,0xFF,0xFF,0xFF,0xFF,0xFF,0xFF,0xFF,0xFF,0xFF,0xFF,0xFF,0xFF,0xFF,0xFF,0xFF,0
             -xFF,0xFF,0xFF,0xFF,0xFF,0xFF,0xFF,0xFF,0xFF,0xFF,0xFF,
 517          0xFF,0xFF,0xFF,0xFF,0xFF,0xFF,0xFF,0xFF,0xFF,0xFF,0xFF,0xFF,0xFF,0xFF,0xFF,0xFF,0xFF,0xFF,0xFF,0xFF,0xFF,0
             -xFF,0xFF,0xFF,0xFF,0xFF,0xFF,0xFF,0xFF,0xFF,0xFF,0xFF,
 518          0xFF,0xFF,0xFF,0xFF,0xFF,0xFF,0xFF,0xFF,0xFF,0xFF,0xFF,0xFF,0xFF,0xFF,0xFF,0xFF,0xFF,0xFF,0xFF,0xFF,0xFF,0
             -xFF,0xFF,0xFF,0xFF,0xFF,0xFF,0xFF,0xFF,0xFF,0xFF,0xFF,
 519          0xFF,0xFF,0xFF,0xFF,0xFF,0xFF,0xFF,0xFF,0xFF,0xFF,0xFF,0xFF,0xFF,0xFF,0xFF,0xFF,0xFF,0xFF,0xFF,0xFF,0xFF,0
             -xFF,0xFF,0xFF,0xFF,0xFF,0xFF,0xFF,0xFF,0xFF,0xFF,0xFF,
 520          0xFF,0xFF,0xFF,0xFF,0xFF,0xFF,0xFF,0xFF,0xFF,0xFF,0xFF,0xFF,0xFF,0xFF,0xFF,0xFF,0xFF,0xFF,0xFF,0xFF,0xFF,0
             -xFF,0xFF,0xFF,0xFF,0xFF,0xFF,0xFF,0xFF,0xFF,0xFF,0xFF,
 521          0xFF,0xFF,0xFF,0xFF,0xFF,0xFF,0xFF,0xFF,0xFF,0xFF,0xFF,0xFF,0xFF,0xFF,0xFF,0xFF,0xFF,0xFF,0xFF,0xFF,0xFF,0
             -xFF,0xFF,0xFF,0xFF,0xFF,0xFF,0xFF,0xFF,0xFF,0xFF,0xFF,
 522          0xFF,0xFF,0xFF,0xFF,0xFF,0xFF,0xFF,0xFF,0xFF,0xFF,0xFF,0xFF,0xFF,0xFF,0xFF,0xFF,0xFF,0xFF,0xFF,0xFF,0xFF,0
             -xFF,0xFF,0xFF,0xFF,0xFF,0xFF,0xFF,0xFF,0xFF,0xFF,0xFF,
 523          0xFF,0xFF,0xFF,0xFF,0xFF,0xFF,0xFF,0xFF,0xFF,0xFF,0xFF,0xFF,0xFF,0xFF,0xFF,0xFF,0xFF,0xFF,0xFF,0xFF,0xFF,0
             -xFF,0xFF,0xFF,0xFF,0xFF,0xFF,0xFF,0xFF,0xFF,0xFF,0xFF,
 524          0xFF,0xFF,0xFF,0xFF,0xFF,0xFF,0xFF,0xFF,0xFF,0xFF,0xFF,0xFF,0xFF,0xFF,0xFF,0xFF,0xFF,0xFF,0xFF,0xFF,0xFF,0
             -xFF,0xFF,0xFF,0xFF,0xFF,0xFF,0xFF,0xFF,0xFF,0xFF,0xFF,
 525          0xFF,0xFF,0xFF,0xFF,0xFF,0xFF,0xFF,0xFF,0xFF,0xFF,0xFF,0xFF,0xFF,0xFF,0xFF,0xFF,0xFF,0xFF,0xFF,0xFF,0xFF,0
             -xFF,0xFF,0xFF,0xFF,0xFF,0xFF,0xFF,0xFF,0xFF,0xFF,0xFF,
 526          0xFF,0xFF,0xFF,0xFF,0xFF,0xFF,0xFF,0xFF,0xFF,0xFF,0xFF,0xFF,0xFF,0xFF,0xFF,0xFF,0xFF,0xFF,0xFF,0xFF,0xFF,0
             -xFF,0xFF,0xFF,0xFF,0xFF,0xFF,0xFF,0xFF,0xFF,0xFF,0xFF,
 527          0xFF,0xFF,0xFF,0xFF,0xFF,0xFF,0xFF,0xFF,0xFF,0xFF,0xFF,0xFF,0xFF,0xFF,0xFF,0xFF,0xFF,0xFF,0xFF,0xFF,0xFF,0
             -xFF,0xFF,0xFF,0xFF,0xFF,0xFF,0xFF,0xFF,0xFF,0xFF,0xFF,
 528          0xFF,0xFF,0xFF,0xFF,0xFF,0xFF,0xFF,0xFF,0xFF,0xFF,0xFF,0xFF,0xFF,0xFF,0xFF,0xFF,0xFF,0xFF,0xFF,0xFF,0xFF,0
             -xFF,0xFF,0xFF,0xFF,0xFF,0xFF,0xFF,0xFF,0xFF,0xFF,0xFF,
 529          0xFF,0xFF,0xFF,0xFF,0xFF,0xFF,0xFF,0xFF,0xFF,0xFF,0xFF,0xFF,0xFF,0xFF,0xFF,0xFF,0xFF,0xFF,0xFF,0xFF,0xFF,0
             -xFF,0xFF,0xFF,0xFF,0xFF,0xFF,0xFF,0xFF,0xFF,0xFF,0xFF,
 530          0xFF,0xFF,0xFF,0xFF,0xFF,0xFF,0xFF,0xFF,0xFF,0xFF,0xFF,0xFF,0xFF,0xFF,0xFF,0xFF,0xFF,0xFF,0xFF,0xFF,0xFF,0
             -xFF,0xFF,0xFF,0xFF,0xFF,0xFF,0xFF,0xFF,0xFF,0xFF,0xFF,
 531          0xFF,0xFF,0xFF,0xFF,0xFF,0xFF,0xFF,0xFF,0xFF,0xFF,0xFF,0xFF,0xFF,0xFF,0xFF,0xFF,0xFF,0xFF,0xFF,0xFF,0xFF,0
             -xFF,0xFF,0xFF,0xFF,0xFF,0xFF,0xFF,0xFF,0xFF,0xFF,0xFF,
 532          0xFF,0xFF,0xFF,0xFF,0xFF,0xFF,0xFF,0xFF,0xFF,0xFF,0xFF,0xFF,0xFF,0xFF,0xFF,0xFF,0xFF,0xFF,0xFF,0xFF,0xFF,0
             -xFF,0xFF,0xFF,0xFF,0xFF,0xFF,0xFF,0xFF,0xFF,0xFF,0xFF,
 533          0xFF,0xFF,0xFF,0xFF,0xFF,0xFF,0xFF,0xFF,0xFF,0xFF,0xFF,0xFF,0xFF,0xFF,0xFF,0xFF,0xFF,0xFF,0xFF,0xFF,0xFF,0
             -xFF,0xFF,0xFF,0xFF,0xFF,0xFF,0xFF,0xFF,0xFF,0xFF,0xFF,
 534          0xFF,0xFF,0xFF,0xFF,0xFF,0xFF,0xFF,0xFF,0xFF,0xFF,0xFF,0xFF,0xFF,0xFF,0xFF,0xFF,0xFF,0xFF,0xFF,0xFF,0xFF,0
             -xFF,0xFF,0xFF,0xFF,0xFF,0xFF,0xFF,0xFF,0xFF,0xFF,0xFF,
 535          0xFF,0xFF,0xFF,0xFF,0xFF,0xFF,0xFF,0xFF,0xFF,0xFF,0xFF,0xFF,0xFF,0xFF,0xFF,0xFF,0xFF,0xFF,0xFF,0xFF,0xFF,0
             -xFF,0xFF,0xFF,0xFF,0xFF,0xFF,0xFF,0xFF,0xFF,0xFF,0xFF,
 536          0xFF,0xFF,0xFF,0xFF,0xFF,0xFF,0xFF,0xFF,0xFF,0xFF,0xFF,0xFF,0xFF,0xFF,0xFF,0xFF,0xFF,0xFF,0xFF,0xFF,0xFF,0
             -xFF,0xFF,0xFF,0xFF,0xFF,0xFF,0xFF,0xFF,0xFF,0xFF,0xFF,
 537          0xFF,0xFF,0xFF,0xFF,0xFF,0xFF,0xFF,0xFF,0xFF,0xFF,0xFF,0xFF,0xFF,0xFF,0xFF,0xFF,0xFF,0xFF,0xFF,0xFF,0xFF,0
             -xFF,0xFF,0xFF,0xFF,0xFF,0xFF,0xFF,0xFF,0xFF,0xFF,0xFF,
 538          0xFF,0xFF,0xFF,0xFF,0xFF,0xFF,0xFF,0xFF,0xFF,0xFF,0xFF,0xFF,0xFF,0xFF,0xFF,0xFF,0xFF,0xFF,0xFF,0xFF,0xFF,0
             -xFF,0xFF,0xFF,0xFF,0xFF,0xFF,0xFF,0xFF,0xFF,0xFF,0xFF,
 539          0xFF,0xFF,0xFF,0xFF,0xFF,0xFF,0xFF,0xFF,0xFF,0xFF,0xFF,0xFF,0xFF,0xFF,0xFF,0xFF,0xFF,0xFF,0xFF,0xFF,0xFF,0
             -xFF,0xFF,0xFF,0xFF,0xFF,0xFF,0xFF,0xFF,0xFF,0xFF,0xFF,
 540          0xFF,0xFF,0xFF,0xFF,0xFF,0xFF,0xFF,0xFF,0xFF,0xFF,0xFF,0xFF,0xFF,0xFF,0xFF,0xFF,0xFF,0xFF,0xFF,0xFF,0xFF,0
             -xFF,0xFF,0xFF,0xFF,0xFF,0xFF,0xFF,0xFF,0xFF,0xFF,0xFF,
 541          0xFF,0xFF,0xFF,0xFF,0xFF,0xFF,0xFF,0xFF,0xFF,0xFF,0xFF,0xFF,0xFF,0xFF,0xFF,0xFF,0xFF,0xFF,0xFF,0xFF,0xFF,0
             -xFF,0xFF,0xFF,0xFF,0xFF,0xFF,0xFF,0xFF,0xFF,0xFF,0xFF,
 542          0xFF,0xFF,0xFF,0xFF,0xFF,0xFF,0xFF,0xFF,0xFF,0xFF,0xFF,0xFF,0xFF,0xFF,0xFF,0xFF,0xFF,0xFF,0xFF,0xFF,0xFF,0
             -xFF,0xFF,0xFF,0xFF,0xFF,0xFF,0xFF,0xFF,0xFF,0xFF,0xFF,/*"未命名文件",0*/
 543          };

C51 COMPILER V9.60.0.0   ZK                                                                05/29/2020 16:57:56 PAGE 12  


MODULE INFORMATION:   STATIC OVERLAYABLE
   CODE SIZE        =   ----    ----
   CONSTANT SIZE    =   7840    ----
   XDATA SIZE       =   ----    ----
   PDATA SIZE       =   ----    ----
   DATA SIZE        =   ----    ----
   IDATA SIZE       =   ----    ----
   BIT SIZE         =   ----    ----
   EDATA SIZE       =   ----    ----
   HDATA SIZE       =   ----    ----
   XDATA CONST SIZE =   ----    ----
   FAR CONST SIZE   =   ----    ----
END OF MODULE INFORMATION.


C51 COMPILATION COMPLETE.  0 WARNING(S),  0 ERROR(S)
